{"D:\\Myplan\\hesabyarehonar\\apps\\backend\\src\\app.controller.ts": {"path":"D:\\Myplan\\hesabyarehonar\\apps\\backend\\src\\app.controller.ts","statementMap":{"0":{"start":{"line":1,"column":0},"end":{"line":1,"column":49}},"1":{"start":{"line":2,"column":0},"end":{"line":2,"column":43}},"2":{"start":{"line":5,"column":7},"end":{"line":12,"column":null}},"3":{"start":{"line":6,"column":31},"end":{"line":6,"column":43}},"4":{"start":{"line":10,"column":4},"end":{"line":10,"column":38}},"5":{"start":{"line":5,"column":13},"end":{"line":5,"column":26}},"6":{"start":{"line":9,"column":2},"end":{"line":11,"column":null}},"7":{"start":{"line":5,"column":13},"end":{"line":12,"column":null}}},"fnMap":{"0":{"name":"(anonymous_2)","decl":{"start":{"line":6,"column":2},"end":{"line":6,"column":31}},"loc":{"start":{"line":6,"column":53},"end":{"line":6,"column":57}}},"1":{"name":"(anonymous_3)","decl":{"start":{"line":9,"column":2},"end":{"line":9,"column":10}},"loc":{"start":{"line":9,"column":10},"end":{"line":11,"column":3}}}},"branchMap":{"0":{"loc":{"start":{"line":6,"column":43},"end":{"line":6,"column":56}},"type":"cond-expr","locations":[{"start":{"line":6,"column":53},"end":{"line":6,"column":56}},{"start":{"line":6,"column":53},"end":{"line":6,"column":56}}]},"1":{"loc":{"start":{"line":6,"column":43},"end":{"line":6,"column":53}},"type":"binary-expr","locations":[{"start":{"line":6,"column":43},"end":{"line":6,"column":56}},{"start":{"line":6,"column":43},"end":{"line":6,"column":53}}]}},"s":{"0":1,"1":1,"2":1,"3":1,"4":1,"5":1,"6":1,"7":1},"f":{"0":1,"1":1},"b":{"0":[1,0],"1":[1,1]}}
,"D:\\Myplan\\hesabyarehonar\\apps\\backend\\src\\app.module.ts": {"path":"D:\\Myplan\\hesabyarehonar\\apps\\backend\\src\\app.module.ts","statementMap":{"0":{"start":{"line":1,"column":0},"end":{"line":1,"column":40}},"1":{"start":{"line":2,"column":0},"end":{"line":2,"column":61}},"2":{"start":{"line":3,"column":0},"end":{"line":3,"column":48}},"3":{"start":{"line":4,"column":0},"end":{"line":4,"column":49}},"4":{"start":{"line":5,"column":0},"end":{"line":5,"column":43}},"5":{"start":{"line":6,"column":0},"end":{"line":6,"column":45}},"6":{"start":{"line":30,"column":7},"end":{"line":30,"column":null}},"7":{"start":{"line":30,"column":13},"end":{"line":30,"column":22}},"8":{"start":{"line":30,"column":13},"end":{"line":30,"column":null}},"9":{"start":{"line":14,"column":46},"end":{"line":23,"column":8}}},"fnMap":{"0":{"name":"(anonymous_1)","decl":{"start":{"line":14,"column":18},"end":{"line":14,"column":19}},"loc":{"start":{"line":14,"column":46},"end":{"line":23,"column":8}}}},"branchMap":{},"s":{"0":0,"1":0,"2":0,"3":0,"4":0,"5":0,"6":0,"7":0,"8":0,"9":0},"f":{"0":0},"b":{}}
,"D:\\Myplan\\hesabyarehonar\\apps\\backend\\src\\app.service.ts": {"path":"D:\\Myplan\\hesabyarehonar\\apps\\backend\\src\\app.service.ts","statementMap":{"0":{"start":{"line":1,"column":0},"end":{"line":1,"column":44}},"1":{"start":{"line":4,"column":7},"end":{"line":8,"column":null}},"2":{"start":{"line":6,"column":4},"end":{"line":6,"column":26}},"3":{"start":{"line":4,"column":13},"end":{"line":4,"column":23}},"4":{"start":{"line":4,"column":13},"end":{"line":8,"column":null}}},"fnMap":{"0":{"name":"(anonymous_1)","decl":{"start":{"line":5,"column":2},"end":{"line":5,"column":10}},"loc":{"start":{"line":5,"column":10},"end":{"line":7,"column":3}}}},"branchMap":{},"s":{"0":1,"1":1,"2":1,"3":1,"4":1},"f":{"0":1},"b":{}}
,"D:\\Myplan\\hesabyarehonar\\apps\\backend\\src\\main.ts": {"path":"D:\\Myplan\\hesabyarehonar\\apps\\backend\\src\\main.ts","statementMap":{"0":{"start":{"line":1,"column":0},"end":{"line":1,"column":43}},"1":{"start":{"line":2,"column":0},"end":{"line":2,"column":41}},"2":{"start":{"line":3,"column":0},"end":{"line":3,"column":76}},"3":{"start":{"line":4,"column":0},"end":{"line":4,"column":62}},"4":{"start":{"line":5,"column":0},"end":{"line":5,"column":68}},"5":{"start":{"line":9,"column":2},"end":{"line":15,"column":3}},"6":{"start":{"line":10,"column":4},"end":{"line":10,"column":38}},"7":{"start":{"line":11,"column":4},"end":{"line":11,"column":61}},"8":{"start":{"line":13,"column":4},"end":{"line":13,"column":60}},"9":{"start":{"line":14,"column":4},"end":{"line":14,"column":20}},"10":{"start":{"line":18,"column":2},"end":{"line":38,"column":3}},"11":{"start":{"line":19,"column":24},"end":{"line":19,"column":61}},"12":{"start":{"line":20,"column":21},"end":{"line":20,"column":55}},"13":{"start":{"line":22,"column":22},"end":{"line":29,"column":2}},"14":{"start":{"line":31,"column":18},"end":{"line":31,"column":66}},"15":{"start":{"line":32,"column":4},"end":{"line":32,"column":42}},"16":{"start":{"line":33,"column":4},"end":{"line":35,"column":6}},"17":{"start":{"line":34,"column":6},"end":{"line":34,"column":62}},"18":{"start":{"line":37,"column":4},"end":{"line":37,"column":46}},"19":{"start":{"line":41,"column":14},"end":{"line":41,"column":49}},"20":{"start":{"line":42,"column":2},"end":{"line":45,"column":3}},"21":{"start":{"line":46,"column":2},"end":{"line":46,"column":45}},"22":{"start":{"line":47,"column":2},"end":{"line":47,"column":70}},"23":{"start":{"line":49,"column":0},"end":{"line":49,"column":12}}},"fnMap":{"0":{"name":"bootstrap","decl":{"start":{"line":7,"column":15},"end":{"line":7,"column":24}},"loc":{"start":{"line":7,"column":24},"end":{"line":48,"column":1}}},"1":{"name":"(anonymous_1)","decl":{"start":{"line":33,"column":18},"end":{"line":33,"column":19}},"loc":{"start":{"line":34,"column":6},"end":{"line":34,"column":62}}}},"branchMap":{"0":{"loc":{"start":{"line":46,"column":19},"end":{"line":46,"column":43}},"type":"binary-expr","locations":[{"start":{"line":46,"column":19},"end":{"line":46,"column":35}},{"start":{"line":46,"column":39},"end":{"line":46,"column":43}}]},"1":{"loc":{"start":{"line":47,"column":32},"end":{"line":47,"column":56}},"type":"binary-expr","locations":[{"start":{"line":47,"column":32},"end":{"line":47,"column":48}},{"start":{"line":47,"column":52},"end":{"line":47,"column":56}}]}},"s":{"0":0,"1":0,"2":0,"3":0,"4":0,"5":0,"6":0,"7":0,"8":0,"9":0,"10":0,"11":0,"12":0,"13":0,"14":0,"15":0,"16":0,"17":0,"18":0,"19":0,"20":0,"21":0,"22":0,"23":0},"f":{"0":0,"1":0},"b":{"0":[0,0],"1":[0,0]}}
,"D:\\Myplan\\hesabyarehonar\\apps\\backend\\src\\coa\\coa.controller.ts": {"path":"D:\\Myplan\\hesabyarehonar\\apps\\backend\\src\\coa\\coa.controller.ts","statementMap":{"0":{"start":{"line":3,"column":0},"end":{"line":3,"column":86}},"1":{"start":{"line":4,"column":0},"end":{"line":4,"column":43}},"2":{"start":{"line":5,"column":0},"end":{"line":5,"column":68}},"3":{"start":{"line":9,"column":7},"end":{"line":57,"column":null}},"4":{"start":{"line":10,"column":31},"end":{"line":10,"column":43}},"5":{"start":{"line":18,"column":17},"end":{"line":18,"column":38}},"6":{"start":{"line":19,"column":4},"end":{"line":19,"column":41}},"7":{"start":{"line":28,"column":17},"end":{"line":28,"column":38}},"8":{"start":{"line":29,"column":4},"end":{"line":29,"column":43}},"9":{"start":{"line":41,"column":17},"end":{"line":41,"column":38}},"10":{"start":{"line":42,"column":4},"end":{"line":42,"column":45}},"11":{"start":{"line":54,"column":17},"end":{"line":54,"column":38}},"12":{"start":{"line":55,"column":4},"end":{"line":55,"column":50}},"13":{"start":{"line":9,"column":13},"end":{"line":9,"column":26}},"14":{"start":{"line":17,"column":8},"end":{"line":20,"column":null}},"15":{"start":{"line":27,"column":8},"end":{"line":30,"column":null}},"16":{"start":{"line":37,"column":8},"end":{"line":43,"column":null}},"17":{"start":{"line":50,"column":8},"end":{"line":56,"column":null}},"18":{"start":{"line":9,"column":13},"end":{"line":57,"column":null}}},"fnMap":{"0":{"name":"(anonymous_4)","decl":{"start":{"line":10,"column":2},"end":{"line":10,"column":31}},"loc":{"start":{"line":10,"column":53},"end":{"line":10,"column":57}}},"1":{"name":"(anonymous_5)","decl":{"start":{"line":17,"column":8},"end":{"line":17,"column":15}},"loc":{"start":{"line":17,"column":35},"end":{"line":20,"column":3}}},"2":{"name":"(anonymous_6)","decl":{"start":{"line":27,"column":8},"end":{"line":27,"column":17}},"loc":{"start":{"line":27,"column":37},"end":{"line":30,"column":3}}},"3":{"name":"(anonymous_7)","decl":{"start":{"line":37,"column":8},"end":{"line":37,"column":15}},"loc":{"start":{"line":39,"column":41},"end":{"line":43,"column":3}}},"4":{"name":"(anonymous_8)","decl":{"start":{"line":50,"column":8},"end":{"line":50,"column":20}},"loc":{"start":{"line":52,"column":41},"end":{"line":56,"column":3}}}},"branchMap":{"0":{"loc":{"start":{"line":10,"column":43},"end":{"line":10,"column":56}},"type":"cond-expr","locations":[{"start":{"line":10,"column":53},"end":{"line":10,"column":56}},{"start":{"line":10,"column":53},"end":{"line":10,"column":56}}]},"1":{"loc":{"start":{"line":10,"column":43},"end":{"line":10,"column":53}},"type":"binary-expr","locations":[{"start":{"line":10,"column":43},"end":{"line":10,"column":56}},{"start":{"line":10,"column":43},"end":{"line":10,"column":53}}]}},"s":{"0":0,"1":0,"2":0,"3":0,"4":0,"5":0,"6":0,"7":0,"8":0,"9":0,"10":0,"11":0,"12":0,"13":0,"14":0,"15":0,"16":0,"17":0,"18":0},"f":{"0":0,"1":0,"2":0,"3":0,"4":0},"b":{"0":[0,0],"1":[0,0]}}
,"D:\\Myplan\\hesabyarehonar\\apps\\backend\\src\\coa\\coa.module.ts": {"path":"D:\\Myplan\\hesabyarehonar\\apps\\backend\\src\\coa\\coa.module.ts","statementMap":{"0":{"start":{"line":3,"column":0},"end":{"line":3,"column":40}},"1":{"start":{"line":4,"column":0},"end":{"line":4,"column":48}},"2":{"start":{"line":5,"column":0},"end":{"line":5,"column":49}},"3":{"start":{"line":6,"column":0},"end":{"line":6,"column":43}},"4":{"start":{"line":7,"column":0},"end":{"line":7,"column":49}},"5":{"start":{"line":8,"column":0},"end":{"line":8,"column":43}},"6":{"start":{"line":9,"column":0},"end":{"line":9,"column":76}},"7":{"start":{"line":10,"column":0},"end":{"line":10,"column":63}},"8":{"start":{"line":11,"column":0},"end":{"line":11,"column":64}},"9":{"start":{"line":12,"column":0},"end":{"line":12,"column":77}},"10":{"start":{"line":13,"column":0},"end":{"line":13,"column":77}},"11":{"start":{"line":14,"column":0},"end":{"line":14,"column":73}},"12":{"start":{"line":39,"column":7},"end":{"line":39,"column":null}},"13":{"start":{"line":39,"column":13},"end":{"line":39,"column":22}},"14":{"start":{"line":39,"column":13},"end":{"line":39,"column":null}},"15":{"start":{"line":28,"column":8},"end":{"line":33,"column":11}}},"fnMap":{"0":{"name":"(anonymous_1)","decl":{"start":{"line":26,"column":18},"end":{"line":26,"column":21}},"loc":{"start":{"line":26,"column":23},"end":{"line":34,"column":7}}}},"branchMap":{},"s":{"0":0,"1":0,"2":0,"3":0,"4":0,"5":0,"6":0,"7":0,"8":0,"9":0,"10":0,"11":0,"12":0,"13":0,"14":0,"15":0},"f":{"0":0},"b":{}}
,"D:\\Myplan\\hesabyarehonar\\apps\\backend\\src\\coa\\coa.service.ts": {"path":"D:\\Myplan\\hesabyarehonar\\apps\\backend\\src\\coa\\coa.service.ts","statementMap":{"0":{"start":{"line":3,"column":0},"end":{"line":3,"column":63}},"1":{"start":{"line":4,"column":0},"end":{"line":4,"column":45}},"2":{"start":{"line":5,"column":0},"end":{"line":5,"column":76}},"3":{"start":{"line":6,"column":0},"end":{"line":6,"column":64}},"4":{"start":{"line":10,"column":7},"end":{"line":79,"column":null}},"5":{"start":{"line":12,"column":21},"end":{"line":12,"column":40}},"6":{"start":{"line":16,"column":23},"end":{"line":16,"column":71}},"7":{"start":{"line":17,"column":4},"end":{"line":17,"column":41}},"8":{"start":{"line":21,"column":23},"end":{"line":21,"column":56}},"9":{"start":{"line":22,"column":20},"end":{"line":25,"column":6}},"10":{"start":{"line":26,"column":4},"end":{"line":26,"column":48}},"11":{"start":{"line":26,"column":30},"end":{"line":26,"column":46}},"12":{"start":{"line":30,"column":23},"end":{"line":30,"column":56}},"13":{"start":{"line":31,"column":19},"end":{"line":33,"column":6}},"14":{"start":{"line":35,"column":4},"end":{"line":37,"column":5}},"15":{"start":{"line":36,"column":6},"end":{"line":36,"column":70}},"16":{"start":{"line":39,"column":4},"end":{"line":39,"column":33}},"17":{"start":{"line":43,"column":23},"end":{"line":43,"column":56}},"18":{"start":{"line":44,"column":20},"end":{"line":47,"column":6}},"19":{"start":{"line":48,"column":4},"end":{"line":48,"column":48}},"20":{"start":{"line":48,"column":30},"end":{"line":48,"column":46}},"21":{"start":{"line":52,"column":23},"end":{"line":52,"column":56}},"22":{"start":{"line":53,"column":20},"end":{"line":56,"column":6}},"23":{"start":{"line":57,"column":4},"end":{"line":57,"column":48}},"24":{"start":{"line":57,"column":30},"end":{"line":57,"column":46}},"25":{"start":{"line":61,"column":4},"end":{"line":68,"column":6}},"26":{"start":{"line":75,"column":2},"end":{"line":75,"column":37}},"27":{"start":{"line":75,"column":22},"end":{"line":75,"column":37}},"28":{"start":{"line":76,"column":2},"end":{"line":76,"column":42}},"29":{"start":{"line":10,"column":13},"end":{"line":10,"column":23}},"30":{"start":{"line":10,"column":13},"end":{"line":79,"column":null}}},"fnMap":{"0":{"name":"(anonymous_2)","decl":{"start":{"line":11,"column":2},"end":{"line":11,"column":null}},"loc":{"start":{"line":12,"column":57},"end":{"line":13,"column":6}}},"1":{"name":"(anonymous_3)","decl":{"start":{"line":15,"column":10},"end":{"line":15,"column":15}},"loc":{"start":{"line":15,"column":45},"end":{"line":18,"column":3}}},"2":{"name":"(anonymous_4)","decl":{"start":{"line":20,"column":2},"end":{"line":20,"column":7}},"loc":{"start":{"line":20,"column":28},"end":{"line":27,"column":3}}},"3":{"name":"(anonymous_5)","decl":{"start":{"line":26,"column":23},"end":{"line":26,"column":24}},"loc":{"start":{"line":26,"column":30},"end":{"line":26,"column":46}}},"4":{"name":"(anonymous_6)","decl":{"start":{"line":29,"column":2},"end":{"line":29,"column":7}},"loc":{"start":{"line":29,"column":40},"end":{"line":40,"column":3}}},"5":{"name":"(anonymous_7)","decl":{"start":{"line":42,"column":2},"end":{"line":42,"column":7}},"loc":{"start":{"line":42,"column":51},"end":{"line":49,"column":3}}},"6":{"name":"(anonymous_8)","decl":{"start":{"line":48,"column":23},"end":{"line":48,"column":24}},"loc":{"start":{"line":48,"column":30},"end":{"line":48,"column":46}}},"7":{"name":"(anonymous_9)","decl":{"start":{"line":51,"column":2},"end":{"line":51,"column":7}},"loc":{"start":{"line":51,"column":30},"end":{"line":58,"column":3}}},"8":{"name":"(anonymous_10)","decl":{"start":{"line":57,"column":23},"end":{"line":57,"column":24}},"loc":{"start":{"line":57,"column":30},"end":{"line":57,"column":46}}},"9":{"name":"(anonymous_11)","decl":{"start":{"line":60,"column":10},"end":{"line":60,"column":18}},"loc":{"start":{"line":60,"column":30},"end":{"line":69,"column":3}}},"10":{"name":"(anonymous_12)","decl":{"start":{"line":74,"column":8},"end":{"line":74,"column":24}},"loc":{"start":{"line":74,"column":45},"end":{"line":77,"column":1}}}},"branchMap":{"0":{"loc":{"start":{"line":35,"column":4},"end":{"line":37,"column":5}},"type":"if","locations":[{"start":{"line":35,"column":4},"end":{"line":37,"column":5}},{"start":{},"end":{}}]},"1":{"loc":{"start":{"line":75,"column":2},"end":{"line":75,"column":37}},"type":"if","locations":[{"start":{"line":75,"column":2},"end":{"line":75,"column":37}},{"start":{},"end":{}}]},"2":{"loc":{"start":{"line":76,"column":9},"end":{"line":76,"column":41}},"type":"cond-expr","locations":[{"start":{"line":76,"column":23},"end":{"line":76,"column":30}},{"start":{"line":76,"column":33},"end":{"line":76,"column":41}}]},"3":{"loc":{"start":{"line":12,"column":40},"end":{"line":12,"column":null}},"type":"cond-expr","locations":[{"start":{"line":12,"column":57},"end":{"line":12,"column":null}},{"start":{"line":12,"column":57},"end":{"line":12,"column":null}}]},"4":{"loc":{"start":{"line":12,"column":40},"end":{"line":12,"column":57}},"type":"binary-expr","locations":[{"start":{"line":12,"column":40},"end":{"line":12,"column":null}},{"start":{"line":12,"column":40},"end":{"line":12,"column":57}}]}},"s":{"0":0,"1":0,"2":0,"3":0,"4":0,"5":0,"6":0,"7":0,"8":0,"9":0,"10":0,"11":0,"12":0,"13":0,"14":0,"15":0,"16":0,"17":0,"18":0,"19":0,"20":0,"21":0,"22":0,"23":0,"24":0,"25":0,"26":0,"27":0,"28":0,"29":0,"30":0},"f":{"0":0,"1":0,"2":0,"3":0,"4":0,"5":0,"6":0,"7":0,"8":0,"9":0,"10":0},"b":{"0":[0,0],"1":[0,0],"2":[0,0],"3":[0,0],"4":[0,0]}}
,"D:\\Myplan\\hesabyarehonar\\apps\\backend\\src\\coa\\doc.controller.ts": {"path":"D:\\Myplan\\hesabyarehonar\\apps\\backend\\src\\coa\\doc.controller.ts","statementMap":{"0":{"start":{"line":2,"column":0},"end":{"line":2,"column":null}},"1":{"start":{"line":16,"column":0},"end":{"line":16,"column":43}},"2":{"start":{"line":17,"column":0},"end":{"line":17,"column":71}},"3":{"start":{"line":18,"column":0},"end":{"line":18,"column":null}},"4":{"start":{"line":32,"column":7},"end":{"line":145,"column":null}},"5":{"start":{"line":33,"column":31},"end":{"line":33,"column":43}},"6":{"start":{"line":45,"column":2},"end":{"line":45,"column":51}},"7":{"start":{"line":58,"column":4},"end":{"line":58,"column":49}},"8":{"start":{"line":70,"column":4},"end":{"line":70,"column":45}},"9":{"start":{"line":84,"column":2},"end":{"line":84,"column":55}},"10":{"start":{"line":99,"column":2},"end":{"line":99,"column":49}},"11":{"start":{"line":114,"column":2},"end":{"line":114,"column":49}},"12":{"start":{"line":130,"column":2},"end":{"line":130,"column":60}},"13":{"start":{"line":143,"column":4},"end":{"line":143,"column":55}},"14":{"start":{"line":32,"column":13},"end":{"line":32,"column":26}},"15":{"start":{"line":40,"column":6},"end":{"line":46,"column":null}},"16":{"start":{"line":54,"column":8},"end":{"line":59,"column":null}},"17":{"start":{"line":66,"column":8},"end":{"line":71,"column":null}},"18":{"start":{"line":78,"column":6},"end":{"line":85,"column":null}},"19":{"start":{"line":94,"column":6},"end":{"line":100,"column":null}},"20":{"start":{"line":109,"column":6},"end":{"line":115,"column":null}},"21":{"start":{"line":124,"column":6},"end":{"line":131,"column":null}},"22":{"start":{"line":139,"column":8},"end":{"line":144,"column":null}},"23":{"start":{"line":32,"column":13},"end":{"line":145,"column":null}}},"fnMap":{"0":{"name":"(anonymous_4)","decl":{"start":{"line":33,"column":2},"end":{"line":33,"column":31}},"loc":{"start":{"line":33,"column":53},"end":{"line":33,"column":57}}},"1":{"name":"(anonymous_5)","decl":{"start":{"line":40,"column":6},"end":{"line":40,"column":12}},"loc":{"start":{"line":43,"column":33},"end":{"line":46,"column":1}}},"2":{"name":"(anonymous_6)","decl":{"start":{"line":54,"column":8},"end":{"line":54,"column":15}},"loc":{"start":{"line":56,"column":33},"end":{"line":59,"column":3}}},"3":{"name":"(anonymous_7)","decl":{"start":{"line":66,"column":8},"end":{"line":66,"column":15}},"loc":{"start":{"line":68,"column":41},"end":{"line":71,"column":3}}},"4":{"name":"(anonymous_8)","decl":{"start":{"line":78,"column":6},"end":{"line":78,"column":12}},"loc":{"start":{"line":82,"column":33},"end":{"line":85,"column":1}}},"5":{"name":"(anonymous_9)","decl":{"start":{"line":94,"column":6},"end":{"line":94,"column":12}},"loc":{"start":{"line":97,"column":33},"end":{"line":100,"column":1}}},"6":{"name":"(anonymous_10)","decl":{"start":{"line":109,"column":6},"end":{"line":109,"column":12}},"loc":{"start":{"line":112,"column":33},"end":{"line":115,"column":1}}},"7":{"name":"(anonymous_11)","decl":{"start":{"line":124,"column":6},"end":{"line":124,"column":18}},"loc":{"start":{"line":128,"column":33},"end":{"line":131,"column":1}}},"8":{"name":"(anonymous_12)","decl":{"start":{"line":139,"column":8},"end":{"line":139,"column":23}},"loc":{"start":{"line":141,"column":32},"end":{"line":144,"column":3}}}},"branchMap":{"0":{"loc":{"start":{"line":42,"column":15},"end":{"line":42,"column":null}},"type":"cond-expr","locations":[{"start":{"line":42,"column":33},"end":{"line":42,"column":null}},{"start":{"line":42,"column":33},"end":{"line":42,"column":null}}]},"1":{"loc":{"start":{"line":42,"column":15},"end":{"line":42,"column":33}},"type":"binary-expr","locations":[{"start":{"line":42,"column":15},"end":{"line":42,"column":null}},{"start":{"line":42,"column":15},"end":{"line":42,"column":33}}]},"2":{"loc":{"start":{"line":44,"column":3},"end":{"line":44,"column":null}},"type":"cond-expr","locations":[{"start":{"line":44,"column":10},"end":{"line":44,"column":null}},{"start":{"line":44,"column":10},"end":{"line":44,"column":null}}]},"3":{"loc":{"start":{"line":44,"column":3},"end":{"line":44,"column":10}},"type":"binary-expr","locations":[{"start":{"line":44,"column":3},"end":{"line":44,"column":null}},{"start":{"line":44,"column":3},"end":{"line":44,"column":10}}]},"4":{"loc":{"start":{"line":56,"column":21},"end":{"line":56,"column":null}},"type":"cond-expr","locations":[{"start":{"line":56,"column":33},"end":{"line":56,"column":null}},{"start":{"line":56,"column":33},"end":{"line":56,"column":null}}]},"5":{"loc":{"start":{"line":56,"column":21},"end":{"line":56,"column":33}},"type":"binary-expr","locations":[{"start":{"line":56,"column":21},"end":{"line":56,"column":null}},{"start":{"line":56,"column":21},"end":{"line":56,"column":33}}]},"6":{"loc":{"start":{"line":57,"column":5},"end":{"line":57,"column":null}},"type":"cond-expr","locations":[{"start":{"line":57,"column":12},"end":{"line":57,"column":null}},{"start":{"line":57,"column":12},"end":{"line":57,"column":null}}]},"7":{"loc":{"start":{"line":57,"column":5},"end":{"line":57,"column":12}},"type":"binary-expr","locations":[{"start":{"line":57,"column":5},"end":{"line":57,"column":null}},{"start":{"line":57,"column":5},"end":{"line":57,"column":12}}]},"8":{"loc":{"start":{"line":69,"column":5},"end":{"line":69,"column":null}},"type":"cond-expr","locations":[{"start":{"line":69,"column":12},"end":{"line":69,"column":null}},{"start":{"line":69,"column":12},"end":{"line":69,"column":null}}]},"9":{"loc":{"start":{"line":69,"column":5},"end":{"line":69,"column":12}},"type":"binary-expr","locations":[{"start":{"line":69,"column":5},"end":{"line":69,"column":null}},{"start":{"line":69,"column":5},"end":{"line":69,"column":12}}]},"10":{"loc":{"start":{"line":81,"column":15},"end":{"line":81,"column":null}},"type":"cond-expr","locations":[{"start":{"line":81,"column":33},"end":{"line":81,"column":null}},{"start":{"line":81,"column":33},"end":{"line":81,"column":null}}]},"11":{"loc":{"start":{"line":81,"column":15},"end":{"line":81,"column":33}},"type":"binary-expr","locations":[{"start":{"line":81,"column":15},"end":{"line":81,"column":null}},{"start":{"line":81,"column":15},"end":{"line":81,"column":33}}]},"12":{"loc":{"start":{"line":83,"column":3},"end":{"line":83,"column":null}},"type":"cond-expr","locations":[{"start":{"line":83,"column":10},"end":{"line":83,"column":null}},{"start":{"line":83,"column":10},"end":{"line":83,"column":null}}]},"13":{"loc":{"start":{"line":83,"column":3},"end":{"line":83,"column":10}},"type":"binary-expr","locations":[{"start":{"line":83,"column":3},"end":{"line":83,"column":null}},{"start":{"line":83,"column":3},"end":{"line":83,"column":10}}]},"14":{"loc":{"start":{"line":98,"column":3},"end":{"line":98,"column":null}},"type":"cond-expr","locations":[{"start":{"line":98,"column":10},"end":{"line":98,"column":null}},{"start":{"line":98,"column":10},"end":{"line":98,"column":null}}]},"15":{"loc":{"start":{"line":98,"column":3},"end":{"line":98,"column":10}},"type":"binary-expr","locations":[{"start":{"line":98,"column":3},"end":{"line":98,"column":null}},{"start":{"line":98,"column":3},"end":{"line":98,"column":10}}]},"16":{"loc":{"start":{"line":113,"column":3},"end":{"line":113,"column":null}},"type":"cond-expr","locations":[{"start":{"line":113,"column":10},"end":{"line":113,"column":null}},{"start":{"line":113,"column":10},"end":{"line":113,"column":null}}]},"17":{"loc":{"start":{"line":113,"column":3},"end":{"line":113,"column":10}},"type":"binary-expr","locations":[{"start":{"line":113,"column":3},"end":{"line":113,"column":null}},{"start":{"line":113,"column":3},"end":{"line":113,"column":10}}]},"18":{"loc":{"start":{"line":127,"column":15},"end":{"line":127,"column":null}},"type":"cond-expr","locations":[{"start":{"line":127,"column":33},"end":{"line":127,"column":null}},{"start":{"line":127,"column":33},"end":{"line":127,"column":null}}]},"19":{"loc":{"start":{"line":127,"column":15},"end":{"line":127,"column":33}},"type":"binary-expr","locations":[{"start":{"line":127,"column":15},"end":{"line":127,"column":null}},{"start":{"line":127,"column":15},"end":{"line":127,"column":33}}]},"20":{"loc":{"start":{"line":129,"column":3},"end":{"line":129,"column":null}},"type":"cond-expr","locations":[{"start":{"line":129,"column":10},"end":{"line":129,"column":null}},{"start":{"line":129,"column":10},"end":{"line":129,"column":null}}]},"21":{"loc":{"start":{"line":129,"column":3},"end":{"line":129,"column":10}},"type":"binary-expr","locations":[{"start":{"line":129,"column":3},"end":{"line":129,"column":null}},{"start":{"line":129,"column":3},"end":{"line":129,"column":10}}]},"22":{"loc":{"start":{"line":142,"column":5},"end":{"line":142,"column":null}},"type":"cond-expr","locations":[{"start":{"line":142,"column":12},"end":{"line":142,"column":null}},{"start":{"line":142,"column":12},"end":{"line":142,"column":null}}]},"23":{"loc":{"start":{"line":142,"column":5},"end":{"line":142,"column":12}},"type":"binary-expr","locations":[{"start":{"line":142,"column":5},"end":{"line":142,"column":null}},{"start":{"line":142,"column":5},"end":{"line":142,"column":12}}]},"24":{"loc":{"start":{"line":33,"column":43},"end":{"line":33,"column":56}},"type":"cond-expr","locations":[{"start":{"line":33,"column":53},"end":{"line":33,"column":56}},{"start":{"line":33,"column":53},"end":{"line":33,"column":56}}]},"25":{"loc":{"start":{"line":33,"column":43},"end":{"line":33,"column":53}},"type":"binary-expr","locations":[{"start":{"line":33,"column":43},"end":{"line":33,"column":56}},{"start":{"line":33,"column":43},"end":{"line":33,"column":53}}]}},"s":{"0":0,"1":0,"2":0,"3":0,"4":0,"5":0,"6":0,"7":0,"8":0,"9":0,"10":0,"11":0,"12":0,"13":0,"14":0,"15":0,"16":0,"17":0,"18":0,"19":0,"20":0,"21":0,"22":0,"23":0},"f":{"0":0,"1":0,"2":0,"3":0,"4":0,"5":0,"6":0,"7":0,"8":0},"b":{"0":[0,0],"1":[0,0],"2":[0,0],"3":[0,0],"4":[0,0],"5":[0,0],"6":[0,0],"7":[0,0],"8":[0,0],"9":[0,0],"10":[0,0],"11":[0,0],"12":[0,0],"13":[0,0],"14":[0,0],"15":[0,0],"16":[0,0],"17":[0,0],"18":[0,0],"19":[0,0],"20":[0,0],"21":[0,0],"22":[0,0],"23":[0,0],"24":[0,0],"25":[0,0]}}
,"D:\\Myplan\\hesabyarehonar\\apps\\backend\\src\\coa\\doc.service.ts": {"path":"D:\\Myplan\\hesabyarehonar\\apps\\backend\\src\\coa\\doc.service.ts","statementMap":{"0":{"start":{"line":2,"column":0},"end":{"line":2,"column":null}},"1":{"start":{"line":9,"column":0},"end":{"line":9,"column":76}},"2":{"start":{"line":10,"column":0},"end":{"line":10,"column":49}},"3":{"start":{"line":11,"column":0},"end":{"line":11,"column":49}},"4":{"start":{"line":12,"column":0},"end":{"line":12,"column":47}},"5":{"start":{"line":21,"column":23},"end":{"line":412,"column":null}},"6":{"start":{"line":22,"column":28},"end":{"line":22,"column":55}},"7":{"start":{"line":24,"column":31},"end":{"line":24,"column":42}},"8":{"start":{"line":34,"column":15},"end":{"line":34,"column":55}},"9":{"start":{"line":37,"column":23},"end":{"line":37,"column":86}},"10":{"start":{"line":37,"column":62},"end":{"line":37,"column":82}},"11":{"start":{"line":38,"column":24},"end":{"line":38,"column":88}},"12":{"start":{"line":38,"column":63},"end":{"line":38,"column":84}},"13":{"start":{"line":40,"column":4},"end":{"line":44,"column":5}},"14":{"start":{"line":41,"column":6},"end":{"line":43,"column":8}},"15":{"start":{"line":46,"column":4},"end":{"line":103,"column":7}},"16":{"start":{"line":47,"column":25},"end":{"line":47,"column":57}},"17":{"start":{"line":48,"column":25},"end":{"line":48,"column":57}},"18":{"start":{"line":51,"column":21},"end":{"line":68,"column":30}},"19":{"start":{"line":70,"column":26},"end":{"line":70,"column":55}},"20":{"start":{"line":73,"column":22},"end":{"line":94,"column":8}},"21":{"start":{"line":74,"column":23},"end":{"line":74,"column":38}},"22":{"start":{"line":75,"column":8},"end":{"line":75,"column":56}},"23":{"start":{"line":76,"column":8},"end":{"line":76,"column":43}},"24":{"start":{"line":77,"column":8},"end":{"line":77,"column":39}},"25":{"start":{"line":78,"column":8},"end":{"line":78,"column":null}},"26":{"start":{"line":79,"column":8},"end":{"line":79,"column":null}},"27":{"start":{"line":80,"column":8},"end":{"line":80,"column":null}},"28":{"start":{"line":81,"column":8},"end":{"line":81,"column":null}},"29":{"start":{"line":82,"column":8},"end":{"line":82,"column":null}},"30":{"start":{"line":83,"column":8},"end":{"line":83,"column":39}},"31":{"start":{"line":84,"column":8},"end":{"line":84,"column":41}},"32":{"start":{"line":85,"column":8},"end":{"line":85,"column":null}},"33":{"start":{"line":86,"column":8},"end":{"line":86,"column":null}},"34":{"start":{"line":87,"column":8},"end":{"line":87,"column":null}},"35":{"start":{"line":88,"column":8},"end":{"line":88,"column":null}},"36":{"start":{"line":89,"column":8},"end":{"line":89,"column":28}},"37":{"start":{"line":90,"column":8},"end":{"line":90,"column":32}},"38":{"start":{"line":91,"column":8},"end":{"line":91,"column":27}},"39":{"start":{"line":92,"column":8},"end":{"line":92,"column":30}},"40":{"start":{"line":93,"column":8},"end":{"line":93,"column":22}},"41":{"start":{"line":96,"column":27},"end":{"line":96,"column":57}},"42":{"start":{"line":98,"column":6},"end":{"line":100,"column":8}},"43":{"start":{"line":102,"column":6},"end":{"line":102,"column":51}},"44":{"start":{"line":115,"column":15},"end":{"line":115,"column":55}},"45":{"start":{"line":117,"column":23},"end":{"line":117,"column":86}},"46":{"start":{"line":117,"column":62},"end":{"line":117,"column":82}},"47":{"start":{"line":118,"column":24},"end":{"line":118,"column":88}},"48":{"start":{"line":118,"column":63},"end":{"line":118,"column":84}},"49":{"start":{"line":120,"column":4},"end":{"line":122,"column":5}},"50":{"start":{"line":121,"column":6},"end":{"line":121,"column":56}},"51":{"start":{"line":124,"column":4},"end":{"line":191,"column":7}},"52":{"start":{"line":125,"column":25},"end":{"line":125,"column":57}},"53":{"start":{"line":126,"column":25},"end":{"line":126,"column":57}},"54":{"start":{"line":128,"column":21},"end":{"line":128,"column":64}},"55":{"start":{"line":129,"column":6},"end":{"line":131,"column":7}},"56":{"start":{"line":130,"column":8},"end":{"line":130,"column":58}},"57":{"start":{"line":134,"column":6},"end":{"line":149,"column":9}},"58":{"start":{"line":151,"column":26},"end":{"line":151,"column":55}},"59":{"start":{"line":154,"column":6},"end":{"line":181,"column":7}},"60":{"start":{"line":155,"column":8},"end":{"line":155,"column":50}},"61":{"start":{"line":157,"column":27},"end":{"line":178,"column":10}},"62":{"start":{"line":158,"column":25},"end":{"line":158,"column":40}},"63":{"start":{"line":159,"column":10},"end":{"line":159,"column":31}},"64":{"start":{"line":160,"column":10},"end":{"line":160,"column":45}},"65":{"start":{"line":161,"column":10},"end":{"line":161,"column":41}},"66":{"start":{"line":162,"column":10},"end":{"line":162,"column":null}},"67":{"start":{"line":163,"column":10},"end":{"line":163,"column":null}},"68":{"start":{"line":164,"column":10},"end":{"line":164,"column":null}},"69":{"start":{"line":165,"column":10},"end":{"line":165,"column":null}},"70":{"start":{"line":166,"column":10},"end":{"line":166,"column":null}},"71":{"start":{"line":167,"column":10},"end":{"line":167,"column":41}},"72":{"start":{"line":168,"column":10},"end":{"line":168,"column":43}},"73":{"start":{"line":169,"column":10},"end":{"line":169,"column":null}},"74":{"start":{"line":170,"column":10},"end":{"line":170,"column":null}},"75":{"start":{"line":171,"column":10},"end":{"line":171,"column":null}},"76":{"start":{"line":172,"column":10},"end":{"line":172,"column":null}},"77":{"start":{"line":173,"column":10},"end":{"line":173,"column":34}},"78":{"start":{"line":174,"column":10},"end":{"line":174,"column":34}},"79":{"start":{"line":175,"column":10},"end":{"line":175,"column":29}},"80":{"start":{"line":176,"column":10},"end":{"line":176,"column":32}},"81":{"start":{"line":177,"column":10},"end":{"line":177,"column":24}},"82":{"start":{"line":180,"column":8},"end":{"line":180,"column":42}},"83":{"start":{"line":183,"column":29},"end":{"line":186,"column":8}},"84":{"start":{"line":188,"column":6},"end":{"line":188,"column":48}},"85":{"start":{"line":190,"column":6},"end":{"line":190,"column":53}},"86":{"start":{"line":198,"column":15},"end":{"line":198,"column":55}},"87":{"start":{"line":199,"column":23},"end":{"line":199,"column":50}},"88":{"start":{"line":200,"column":23},"end":{"line":200,"column":50}},"89":{"start":{"line":202,"column":19},"end":{"line":202,"column":74}},"90":{"start":{"line":203,"column":4},"end":{"line":205,"column":5}},"91":{"start":{"line":204,"column":6},"end":{"line":204,"column":56}},"92":{"start":{"line":207,"column":20},"end":{"line":210,"column":6}},"93":{"start":{"line":212,"column":4},"end":{"line":212,"column":39}},"94":{"start":{"line":219,"column":15},"end":{"line":219,"column":55}},"95":{"start":{"line":220,"column":17},"end":{"line":220,"column":44}},"96":{"start":{"line":222,"column":15},"end":{"line":222,"column":85}},"97":{"start":{"line":224,"column":4},"end":{"line":226,"column":5}},"98":{"start":{"line":225,"column":6},"end":{"line":225,"column":73}},"99":{"start":{"line":228,"column":4},"end":{"line":230,"column":5}},"100":{"start":{"line":229,"column":6},"end":{"line":229,"column":76}},"101":{"start":{"line":232,"column":4},"end":{"line":234,"column":5}},"102":{"start":{"line":233,"column":6},"end":{"line":233,"column":70}},"103":{"start":{"line":236,"column":4},"end":{"line":238,"column":5}},"104":{"start":{"line":237,"column":6},"end":{"line":237,"column":69}},"105":{"start":{"line":240,"column":4},"end":{"line":240,"column":33}},"106":{"start":{"line":242,"column":4},"end":{"line":244,"column":5}},"107":{"start":{"line":243,"column":6},"end":{"line":243,"column":28}},"108":{"start":{"line":246,"column":4},"end":{"line":248,"column":5}},"109":{"start":{"line":247,"column":6},"end":{"line":247,"column":29}},"110":{"start":{"line":250,"column":20},"end":{"line":250,"column":38}},"111":{"start":{"line":251,"column":4},"end":{"line":251,"column":51}},"112":{"start":{"line":251,"column":30},"end":{"line":251,"column":49}},"113":{"start":{"line":258,"column":15},"end":{"line":258,"column":55}},"114":{"start":{"line":260,"column":4},"end":{"line":280,"column":7}},"115":{"start":{"line":261,"column":25},"end":{"line":261,"column":57}},"116":{"start":{"line":262,"column":25},"end":{"line":262,"column":57}},"117":{"start":{"line":264,"column":21},"end":{"line":264,"column":64}},"118":{"start":{"line":265,"column":6},"end":{"line":267,"column":7}},"119":{"start":{"line":266,"column":8},"end":{"line":266,"column":58}},"120":{"start":{"line":269,"column":6},"end":{"line":269,"column":24}},"121":{"start":{"line":270,"column":6},"end":{"line":270,"column":26}},"122":{"start":{"line":271,"column":6},"end":{"line":271,"column":30}},"123":{"start":{"line":272,"column":6},"end":{"line":272,"column":36}},"124":{"start":{"line":274,"column":6},"end":{"line":277,"column":8}},"125":{"start":{"line":279,"column":6},"end":{"line":279,"column":42}},"126":{"start":{"line":287,"column":15},"end":{"line":287,"column":55}},"127":{"start":{"line":288,"column":23},"end":{"line":288,"column":50}},"128":{"start":{"line":290,"column":4},"end":{"line":293,"column":6}},"129":{"start":{"line":295,"column":4},"end":{"line":295,"column":40}},"130":{"start":{"line":307,"column":13},"end":{"line":307,"column":53}},"131":{"start":{"line":308,"column":15},"end":{"line":308,"column":42}},"132":{"start":{"line":310,"column":17},"end":{"line":310,"column":54}},"133":{"start":{"line":311,"column":2},"end":{"line":313,"column":3}},"134":{"start":{"line":312,"column":4},"end":{"line":312,"column":54}},"135":{"start":{"line":315,"column":2},"end":{"line":315,"column":29}},"136":{"start":{"line":316,"column":2},"end":{"line":316,"column":22}},"137":{"start":{"line":317,"column":2},"end":{"line":317,"column":26}},"138":{"start":{"line":319,"column":2},"end":{"line":319,"column":26}},"139":{"start":{"line":327,"column":15},"end":{"line":327,"column":55}},"140":{"start":{"line":328,"column":17},"end":{"line":328,"column":42}},"141":{"start":{"line":330,"column":15},"end":{"line":330,"column":69}},"142":{"start":{"line":332,"column":4},"end":{"line":334,"column":5}},"143":{"start":{"line":333,"column":6},"end":{"line":333,"column":46}},"144":{"start":{"line":336,"column":20},"end":{"line":336,"column":38}},"145":{"start":{"line":337,"column":4},"end":{"line":337,"column":41}},"146":{"start":{"line":337,"column":30},"end":{"line":337,"column":39}},"147":{"start":{"line":348,"column":4},"end":{"line":366,"column":6}},"148":{"start":{"line":365,"column":34},"end":{"line":365,"column":53}},"149":{"start":{"line":370,"column":4},"end":{"line":387,"column":6}},"150":{"start":{"line":391,"column":4},"end":{"line":410,"column":6}},"151":{"start":{"line":21,"column":13},"end":{"line":21,"column":23}},"152":{"start":{"line":21,"column":13},"end":{"line":412,"column":null}}},"fnMap":{"0":{"name":"(anonymous_2)","decl":{"start":{"line":24,"column":2},"end":{"line":24,"column":31}},"loc":{"start":{"line":24,"column":59},"end":{"line":24,"column":63}}},"1":{"name":"(anonymous_3)","decl":{"start":{"line":29,"column":2},"end":{"line":29,"column":7}},"loc":{"start":{"line":32,"column":18},"end":{"line":104,"column":3}}},"2":{"name":"(anonymous_4)","decl":{"start":{"line":37,"column":50},"end":{"line":37,"column":51}},"loc":{"start":{"line":37,"column":62},"end":{"line":37,"column":82}}},"3":{"name":"(anonymous_5)","decl":{"start":{"line":38,"column":51},"end":{"line":38,"column":52}},"loc":{"start":{"line":38,"column":63},"end":{"line":38,"column":84}}},"4":{"name":"(anonymous_6)","decl":{"start":{"line":46,"column":26},"end":{"line":46,"column":31}},"loc":{"start":{"line":46,"column":44},"end":{"line":103,"column":5}}},"5":{"name":"(anonymous_7)","decl":{"start":{"line":73,"column":46},"end":{"line":73,"column":47}},"loc":{"start":{"line":73,"column":60},"end":{"line":94,"column":7}}},"6":{"name":"(anonymous_8)","decl":{"start":{"line":109,"column":2},"end":{"line":109,"column":7}},"loc":{"start":{"line":113,"column":18},"end":{"line":192,"column":3}}},"7":{"name":"(anonymous_9)","decl":{"start":{"line":117,"column":50},"end":{"line":117,"column":51}},"loc":{"start":{"line":117,"column":62},"end":{"line":117,"column":82}}},"8":{"name":"(anonymous_10)","decl":{"start":{"line":118,"column":51},"end":{"line":118,"column":52}},"loc":{"start":{"line":118,"column":63},"end":{"line":118,"column":84}}},"9":{"name":"(anonymous_11)","decl":{"start":{"line":124,"column":26},"end":{"line":124,"column":31}},"loc":{"start":{"line":124,"column":44},"end":{"line":191,"column":5}}},"10":{"name":"(anonymous_12)","decl":{"start":{"line":157,"column":43},"end":{"line":157,"column":44}},"loc":{"start":{"line":157,"column":57},"end":{"line":178,"column":9}}},"11":{"name":"(anonymous_13)","decl":{"start":{"line":197,"column":2},"end":{"line":197,"column":7}},"loc":{"start":{"line":197,"column":40},"end":{"line":213,"column":3}}},"12":{"name":"(anonymous_14)","decl":{"start":{"line":218,"column":2},"end":{"line":218,"column":7}},"loc":{"start":{"line":218,"column":50},"end":{"line":252,"column":3}}},"13":{"name":"(anonymous_15)","decl":{"start":{"line":251,"column":23},"end":{"line":251,"column":24}},"loc":{"start":{"line":251,"column":30},"end":{"line":251,"column":49}}},"14":{"name":"(anonymous_16)","decl":{"start":{"line":257,"column":2},"end":{"line":257,"column":7}},"loc":{"start":{"line":257,"column":55},"end":{"line":281,"column":3}}},"15":{"name":"(anonymous_17)","decl":{"start":{"line":260,"column":25},"end":{"line":260,"column":30}},"loc":{"start":{"line":260,"column":43},"end":{"line":280,"column":5}}},"16":{"name":"(anonymous_18)","decl":{"start":{"line":286,"column":2},"end":{"line":286,"column":7}},"loc":{"start":{"line":286,"column":55},"end":{"line":296,"column":3}}},"17":{"name":"(anonymous_19)","decl":{"start":{"line":301,"column":1},"end":{"line":301,"column":6}},"loc":{"start":{"line":305,"column":16},"end":{"line":320,"column":1}}},"18":{"name":"(anonymous_20)","decl":{"start":{"line":326,"column":2},"end":{"line":326,"column":7}},"loc":{"start":{"line":326,"column":51},"end":{"line":338,"column":3}}},"19":{"name":"(anonymous_21)","decl":{"start":{"line":337,"column":23},"end":{"line":337,"column":24}},"loc":{"start":{"line":337,"column":30},"end":{"line":337,"column":39}}},"20":{"name":"(anonymous_22)","decl":{"start":{"line":344,"column":10},"end":{"line":344,"column":15}},"loc":{"start":{"line":346,"column":24},"end":{"line":367,"column":3}}},"21":{"name":"(anonymous_23)","decl":{"start":{"line":365,"column":27},"end":{"line":365,"column":28}},"loc":{"start":{"line":365,"column":34},"end":{"line":365,"column":53}}},"22":{"name":"(anonymous_24)","decl":{"start":{"line":369,"column":10},"end":{"line":369,"column":21}},"loc":{"start":{"line":369,"column":39},"end":{"line":388,"column":3}}},"23":{"name":"(anonymous_25)","decl":{"start":{"line":390,"column":10},"end":{"line":390,"column":21}},"loc":{"start":{"line":390,"column":39},"end":{"line":411,"column":3}}}},"branchMap":{"0":{"loc":{"start":{"line":37,"column":24},"end":{"line":37,"column":41}},"type":"binary-expr","locations":[{"start":{"line":37,"column":24},"end":{"line":37,"column":35}},{"start":{"line":37,"column":39},"end":{"line":37,"column":41}}]},"1":{"loc":{"start":{"line":37,"column":69},"end":{"line":37,"column":81}},"type":"binary-expr","locations":[{"start":{"line":37,"column":69},"end":{"line":37,"column":76}},{"start":{"line":37,"column":80},"end":{"line":37,"column":81}}]},"2":{"loc":{"start":{"line":38,"column":25},"end":{"line":38,"column":42}},"type":"binary-expr","locations":[{"start":{"line":38,"column":25},"end":{"line":38,"column":36}},{"start":{"line":38,"column":40},"end":{"line":38,"column":42}}]},"3":{"loc":{"start":{"line":38,"column":70},"end":{"line":38,"column":83}},"type":"binary-expr","locations":[{"start":{"line":38,"column":70},"end":{"line":38,"column":78}},{"start":{"line":38,"column":82},"end":{"line":38,"column":83}}]},"4":{"loc":{"start":{"line":40,"column":4},"end":{"line":44,"column":5}},"type":"if","locations":[{"start":{"line":40,"column":4},"end":{"line":44,"column":5}},{"start":{},"end":{}}]},"5":{"loc":{"start":{"line":56,"column":15},"end":{"line":56,"column":33}},"type":"binary-expr","locations":[{"start":{"line":56,"column":15},"end":{"line":56,"column":24}},{"start":{"line":56,"column":28},"end":{"line":56,"column":33}}]},"6":{"loc":{"start":{"line":61,"column":19},"end":{"line":61,"column":37}},"type":"binary-expr","locations":[{"start":{"line":61,"column":19},"end":{"line":61,"column":32}},{"start":{"line":61,"column":36},"end":{"line":61,"column":37}}]},"7":{"loc":{"start":{"line":62,"column":16},"end":{"line":62,"column":31}},"type":"binary-expr","locations":[{"start":{"line":62,"column":16},"end":{"line":62,"column":26}},{"start":{"line":62,"column":30},"end":{"line":62,"column":31}}]},"8":{"loc":{"start":{"line":63,"column":19},"end":{"line":63,"column":37}},"type":"binary-expr","locations":[{"start":{"line":63,"column":19},"end":{"line":63,"column":32}},{"start":{"line":63,"column":36},"end":{"line":63,"column":37}}]},"9":{"loc":{"start":{"line":73,"column":23},"end":{"line":73,"column":40}},"type":"binary-expr","locations":[{"start":{"line":73,"column":23},"end":{"line":73,"column":34}},{"start":{"line":73,"column":38},"end":{"line":73,"column":40}}]},"10":{"loc":{"start":{"line":117,"column":24},"end":{"line":117,"column":41}},"type":"binary-expr","locations":[{"start":{"line":117,"column":24},"end":{"line":117,"column":35}},{"start":{"line":117,"column":39},"end":{"line":117,"column":41}}]},"11":{"loc":{"start":{"line":117,"column":69},"end":{"line":117,"column":81}},"type":"binary-expr","locations":[{"start":{"line":117,"column":69},"end":{"line":117,"column":76}},{"start":{"line":117,"column":80},"end":{"line":117,"column":81}}]},"12":{"loc":{"start":{"line":118,"column":25},"end":{"line":118,"column":42}},"type":"binary-expr","locations":[{"start":{"line":118,"column":25},"end":{"line":118,"column":36}},{"start":{"line":118,"column":40},"end":{"line":118,"column":42}}]},"13":{"loc":{"start":{"line":118,"column":70},"end":{"line":118,"column":83}},"type":"binary-expr","locations":[{"start":{"line":118,"column":70},"end":{"line":118,"column":78}},{"start":{"line":118,"column":82},"end":{"line":118,"column":83}}]},"14":{"loc":{"start":{"line":120,"column":4},"end":{"line":122,"column":5}},"type":"if","locations":[{"start":{"line":120,"column":4},"end":{"line":122,"column":5}},{"start":{},"end":{}}]},"15":{"loc":{"start":{"line":129,"column":6},"end":{"line":131,"column":7}},"type":"if","locations":[{"start":{"line":129,"column":6},"end":{"line":131,"column":7}},{"start":{},"end":{}}]},"16":{"loc":{"start":{"line":154,"column":6},"end":{"line":181,"column":7}},"type":"if","locations":[{"start":{"line":154,"column":6},"end":{"line":181,"column":7}},{"start":{},"end":{}}]},"17":{"loc":{"start":{"line":154,"column":10},"end":{"line":154,"column":47}},"type":"binary-expr","locations":[{"start":{"line":154,"column":10},"end":{"line":154,"column":21}},{"start":{"line":154,"column":25},"end":{"line":154,"column":47}}]},"18":{"loc":{"start":{"line":203,"column":4},"end":{"line":205,"column":5}},"type":"if","locations":[{"start":{"line":203,"column":4},"end":{"line":205,"column":5}},{"start":{},"end":{}}]},"19":{"loc":{"start":{"line":224,"column":4},"end":{"line":226,"column":5}},"type":"if","locations":[{"start":{"line":224,"column":4},"end":{"line":226,"column":5}},{"start":{},"end":{}}]},"20":{"loc":{"start":{"line":228,"column":4},"end":{"line":230,"column":5}},"type":"if","locations":[{"start":{"line":228,"column":4},"end":{"line":230,"column":5}},{"start":{},"end":{}}]},"21":{"loc":{"start":{"line":232,"column":4},"end":{"line":234,"column":5}},"type":"if","locations":[{"start":{"line":232,"column":4},"end":{"line":234,"column":5}},{"start":{},"end":{}}]},"22":{"loc":{"start":{"line":236,"column":4},"end":{"line":238,"column":5}},"type":"if","locations":[{"start":{"line":236,"column":4},"end":{"line":238,"column":5}},{"start":{},"end":{}}]},"23":{"loc":{"start":{"line":242,"column":4},"end":{"line":244,"column":5}},"type":"if","locations":[{"start":{"line":242,"column":4},"end":{"line":244,"column":5}},{"start":{},"end":{}}]},"24":{"loc":{"start":{"line":246,"column":4},"end":{"line":248,"column":5}},"type":"if","locations":[{"start":{"line":246,"column":4},"end":{"line":248,"column":5}},{"start":{},"end":{}}]},"25":{"loc":{"start":{"line":265,"column":6},"end":{"line":267,"column":7}},"type":"if","locations":[{"start":{"line":265,"column":6},"end":{"line":267,"column":7}},{"start":{},"end":{}}]},"26":{"loc":{"start":{"line":311,"column":2},"end":{"line":313,"column":3}},"type":"if","locations":[{"start":{"line":311,"column":2},"end":{"line":313,"column":3}},{"start":{},"end":{}}]},"27":{"loc":{"start":{"line":332,"column":4},"end":{"line":334,"column":5}},"type":"if","locations":[{"start":{"line":332,"column":4},"end":{"line":334,"column":5}},{"start":{},"end":{}}]},"28":{"loc":{"start":{"line":396,"column":14},"end":{"line":396,"column":35}},"type":"binary-expr","locations":[{"start":{"line":396,"column":14},"end":{"line":396,"column":27}},{"start":{"line":396,"column":31},"end":{"line":396,"column":35}}]},"29":{"loc":{"start":{"line":397,"column":14},"end":{"line":397,"column":35}},"type":"binary-expr","locations":[{"start":{"line":397,"column":14},"end":{"line":397,"column":27}},{"start":{"line":397,"column":31},"end":{"line":397,"column":35}}]},"30":{"loc":{"start":{"line":398,"column":14},"end":{"line":398,"column":35}},"type":"binary-expr","locations":[{"start":{"line":398,"column":14},"end":{"line":398,"column":27}},{"start":{"line":398,"column":31},"end":{"line":398,"column":35}}]},"31":{"loc":{"start":{"line":399,"column":13},"end":{"line":399,"column":33}},"type":"binary-expr","locations":[{"start":{"line":399,"column":13},"end":{"line":399,"column":25}},{"start":{"line":399,"column":29},"end":{"line":399,"column":33}}]},"32":{"loc":{"start":{"line":400,"column":13},"end":{"line":400,"column":33}},"type":"binary-expr","locations":[{"start":{"line":400,"column":13},"end":{"line":400,"column":25}},{"start":{"line":400,"column":29},"end":{"line":400,"column":33}}]},"33":{"loc":{"start":{"line":403,"column":12},"end":{"line":403,"column":31}},"type":"binary-expr","locations":[{"start":{"line":403,"column":12},"end":{"line":403,"column":23}},{"start":{"line":403,"column":27},"end":{"line":403,"column":31}}]},"34":{"loc":{"start":{"line":405,"column":13},"end":{"line":405,"column":33}},"type":"binary-expr","locations":[{"start":{"line":405,"column":13},"end":{"line":405,"column":25}},{"start":{"line":405,"column":29},"end":{"line":405,"column":33}}]},"35":{"loc":{"start":{"line":406,"column":15},"end":{"line":406,"column":37}},"type":"binary-expr","locations":[{"start":{"line":406,"column":15},"end":{"line":406,"column":29}},{"start":{"line":406,"column":33},"end":{"line":406,"column":37}}]},"36":{"loc":{"start":{"line":407,"column":14},"end":{"line":407,"column":36}},"type":"binary-expr","locations":[{"start":{"line":407,"column":14},"end":{"line":407,"column":27}},{"start":{"line":407,"column":31},"end":{"line":407,"column":36}}]},"37":{"loc":{"start":{"line":24,"column":42},"end":{"line":24,"column":62}},"type":"cond-expr","locations":[{"start":{"line":24,"column":59},"end":{"line":24,"column":62}},{"start":{"line":24,"column":59},"end":{"line":24,"column":62}}]},"38":{"loc":{"start":{"line":24,"column":42},"end":{"line":24,"column":59}},"type":"binary-expr","locations":[{"start":{"line":24,"column":42},"end":{"line":24,"column":62}},{"start":{"line":24,"column":42},"end":{"line":24,"column":59}}]}},"s":{"0":1,"1":1,"2":1,"3":1,"4":1,"5":1,"6":97,"7":97,"8":14,"9":13,"10":22,"11":13,"12":22,"13":13,"14":4,"15":9,"16":9,"17":9,"18":9,"19":9,"20":8,"21":12,"22":12,"23":12,"24":12,"25":12,"26":12,"27":12,"28":12,"29":12,"30":12,"31":12,"32":12,"33":12,"34":12,"35":12,"36":12,"37":12,"38":12,"39":12,"40":12,"41":8,"42":7,"43":7,"44":11,"45":11,"46":18,"47":11,"48":18,"49":11,"50":1,"51":10,"52":10,"53":10,"54":10,"55":10,"56":1,"57":9,"58":9,"59":8,"60":7,"61":6,"62":12,"63":12,"64":12,"65":12,"66":12,"67":12,"68":12,"69":12,"70":12,"71":12,"72":12,"73":12,"74":12,"75":12,"76":12,"77":12,"78":12,"79":12,"80":12,"81":12,"82":6,"83":7,"84":6,"85":6,"86":8,"87":8,"88":8,"89":8,"90":7,"91":2,"92":5,"93":4,"94":19,"95":18,"96":18,"97":17,"98":3,"99":17,"100":2,"101":17,"102":2,"103":17,"104":3,"105":17,"106":17,"107":3,"108":17,"109":1,"110":17,"111":16,"112":6,"113":8,"114":7,"115":7,"116":7,"117":7,"118":7,"119":2,"120":5,"121":5,"122":5,"123":5,"124":4,"125":3,"126":5,"127":4,"128":4,"129":3,"130":28,"131":24,"132":24,"133":21,"134":6,"135":15,"136":15,"137":15,"138":15,"139":7,"140":6,"141":6,"142":6,"143":2,"144":6,"145":6,"146":7,"147":17,"148":5,"149":6,"150":5,"151":1,"152":1},"f":{"0":97,"1":14,"2":22,"3":22,"4":9,"5":12,"6":11,"7":18,"8":18,"9":10,"10":12,"11":8,"12":19,"13":6,"14":8,"15":7,"16":5,"17":28,"18":7,"19":7,"20":17,"21":5,"22":6,"23":5},"b":{"0":[13,1],"1":[22,11],"2":[13,1],"3":[22,11],"4":[4,9],"5":[9,0],"6":[9,0],"7":[9,9],"8":[9,9],"9":[8,1],"10":[11,0],"11":[18,9],"12":[11,0],"13":[18,9],"14":[1,10],"15":[1,9],"16":[7,1],"17":[8,8],"18":[2,5],"19":[3,14],"20":[2,15],"21":[2,15],"22":[3,14],"23":[3,14],"24":[1,16],"25":[2,5],"26":[6,15],"27":[2,4],"28":[5,5],"29":[5,4],"30":[5,5],"31":[5,5],"32":[5,5],"33":[5,0],"34":[5,5],"35":[5,5],"36":[5,2],"37":[1,0],"38":[1,1]}}
,"D:\\Myplan\\hesabyarehonar\\apps\\backend\\src\\coa\\decorators\\current-user-id.decorator.ts": {"path":"D:\\Myplan\\hesabyarehonar\\apps\\backend\\src\\coa\\decorators\\current-user-id.decorator.ts","statementMap":{"0":{"start":{"line":1,"column":0},"end":{"line":1,"column":null}},"1":{"start":{"line":16,"column":13},"end":{"line":31,"column":2}},"2":{"start":{"line":18,"column":20},"end":{"line":18,"column":60}},"3":{"start":{"line":20,"column":16},"end":{"line":20,"column":43}},"4":{"start":{"line":21,"column":19},"end":{"line":21,"column":30}},"5":{"start":{"line":23,"column":4},"end":{"line":27,"column":5}},"6":{"start":{"line":24,"column":6},"end":{"line":26,"column":8}},"7":{"start":{"line":29,"column":4},"end":{"line":29,"column":18}}},"fnMap":{"0":{"name":"(anonymous_0)","decl":{"start":{"line":17,"column":2},"end":{"line":17,"column":3}},"loc":{"start":{"line":17,"column":52},"end":{"line":30,"column":3}}}},"branchMap":{"0":{"loc":{"start":{"line":23,"column":4},"end":{"line":27,"column":5}},"type":"if","locations":[{"start":{"line":23,"column":4},"end":{"line":27,"column":5}},{"start":{},"end":{}}]},"1":{"loc":{"start":{"line":23,"column":8},"end":{"line":23,"column":56}},"type":"binary-expr","locations":[{"start":{"line":23,"column":8},"end":{"line":23,"column":12}},{"start":{"line":23,"column":16},"end":{"line":23,"column":41}},{"start":{"line":23,"column":45},"end":{"line":23,"column":56}}]}},"s":{"0":0,"1":0,"2":0,"3":0,"4":0,"5":0,"6":0,"7":0},"f":{"0":0},"b":{"0":[0,0],"1":[0,0,0]}}
,"D:\\Myplan\\hesabyarehonar\\apps\\backend\\src\\coa\\dto\\coa-node.dto.ts": {"path":"D:\\Myplan\\hesabyarehonar\\apps\\backend\\src\\coa\\dto\\coa-node.dto.ts","statementMap":{"0":{"start":{"line":3,"column":0},"end":{"line":3,"column":13}}},"fnMap":{},"branchMap":{},"s":{"0":0},"f":{},"b":{}}
,"D:\\Myplan\\hesabyarehonar\\apps\\backend\\src\\coa\\dto\\doc-desc.dto.ts": {"path":"D:\\Myplan\\hesabyarehonar\\apps\\backend\\src\\coa\\dto\\doc-desc.dto.ts","statementMap":{"0":{"start":{"line":2,"column":0},"end":{"line":2,"column":13}}},"fnMap":{},"branchMap":{},"s":{"0":0},"f":{},"b":{}}
,"D:\\Myplan\\hesabyarehonar\\apps\\backend\\src\\coa\\dto\\doc-detail.dto.ts": {"path":"D:\\Myplan\\hesabyarehonar\\apps\\backend\\src\\coa\\dto\\doc-detail.dto.ts","statementMap":{"0":{"start":{"line":2,"column":0},"end":{"line":2,"column":88}},"1":{"start":{"line":4,"column":0},"end":{"line":4,"column":13}},"2":{"start":{"line":7,"column":2},"end":{"line":7,"column":null}},"3":{"start":{"line":11,"column":2},"end":{"line":11,"column":null}},"4":{"start":{"line":15,"column":2},"end":{"line":15,"column":null}},"5":{"start":{"line":19,"column":2},"end":{"line":19,"column":null}},"6":{"start":{"line":23,"column":2},"end":{"line":23,"column":null}},"7":{"start":{"line":27,"column":2},"end":{"line":27,"column":null}},"8":{"start":{"line":31,"column":2},"end":{"line":31,"column":null}},"9":{"start":{"line":35,"column":2},"end":{"line":35,"column":null}},"10":{"start":{"line":39,"column":2},"end":{"line":39,"column":null}},"11":{"start":{"line":43,"column":2},"end":{"line":43,"column":null}},"12":{"start":{"line":47,"column":2},"end":{"line":47,"column":null}},"13":{"start":{"line":51,"column":2},"end":{"line":51,"column":null}},"14":{"start":{"line":55,"column":2},"end":{"line":55,"column":null}},"15":{"start":{"line":58,"column":0},"end":{"line":58,"column":13}}},"fnMap":{},"branchMap":{},"s":{"0":0,"1":0,"2":0,"3":0,"4":0,"5":0,"6":0,"7":0,"8":0,"9":0,"10":0,"11":0,"12":0,"13":0,"14":0,"15":0},"f":{},"b":{}}
,"D:\\Myplan\\hesabyarehonar\\apps\\backend\\src\\coa\\dto\\doc-master.dto.ts": {"path":"D:\\Myplan\\hesabyarehonar\\apps\\backend\\src\\coa\\dto\\doc-master.dto.ts","statementMap":{"0":{"start":{"line":1,"column":0},"end":{"line":1,"column":67}},"1":{"start":{"line":2,"column":0},"end":{"line":2,"column":null}},"2":{"start":{"line":13,"column":0},"end":{"line":13,"column":41}},"3":{"start":{"line":14,"column":0},"end":{"line":14,"column":48}},"4":{"start":{"line":16,"column":0},"end":{"line":16,"column":13}},"5":{"start":{"line":21,"column":2},"end":{"line":21,"column":null}},"6":{"start":{"line":27,"column":2},"end":{"line":27,"column":null}},"7":{"start":{"line":32,"column":2},"end":{"line":32,"column":null}},"8":{"start":{"line":37,"column":2},"end":{"line":37,"column":null}},"9":{"start":{"line":42,"column":2},"end":{"line":42,"column":null}},"10":{"start":{"line":47,"column":2},"end":{"line":47,"column":null}},"11":{"start":{"line":53,"column":2},"end":{"line":53,"column":null}},"12":{"start":{"line":58,"column":2},"end":{"line":58,"column":null}},"13":{"start":{"line":63,"column":2},"end":{"line":63,"column":null}},"14":{"start":{"line":66,"column":0},"end":{"line":66,"column":13}},"15":{"start":{"line":69,"column":2},"end":{"line":69,"column":null}},"16":{"start":{"line":73,"column":2},"end":{"line":73,"column":null}},"17":{"start":{"line":78,"column":2},"end":{"line":78,"column":null}},"18":{"start":{"line":76,"column":14},"end":{"line":76,"column":18}},"19":{"start":{"line":82,"column":2},"end":{"line":82,"column":null}},"20":{"start":{"line":86,"column":2},"end":{"line":86,"column":null}},"21":{"start":{"line":90,"column":2},"end":{"line":90,"column":null}},"22":{"start":{"line":94,"column":2},"end":{"line":94,"column":null}},"23":{"start":{"line":98,"column":2},"end":{"line":98,"column":null}},"24":{"start":{"line":102,"column":2},"end":{"line":102,"column":null}},"25":{"start":{"line":106,"column":2},"end":{"line":106,"column":null}},"26":{"start":{"line":110,"column":2},"end":{"line":110,"column":null}},"27":{"start":{"line":114,"column":2},"end":{"line":114,"column":null}},"28":{"start":{"line":118,"column":2},"end":{"line":118,"column":null}},"29":{"start":{"line":122,"column":2},"end":{"line":122,"column":null}},"30":{"start":{"line":126,"column":2},"end":{"line":126,"column":null}},"31":{"start":{"line":131,"column":2},"end":{"line":131,"column":null}},"32":{"start":{"line":129,"column":14},"end":{"line":129,"column":18}},"33":{"start":{"line":138,"column":2},"end":{"line":138,"column":null}},"34":{"start":{"line":137,"column":14},"end":{"line":137,"column":26}},"35":{"start":{"line":141,"column":0},"end":{"line":141,"column":13}},"36":{"start":{"line":146,"column":10},"end":{"line":146,"column":null}},"37":{"start":{"line":145,"column":14},"end":{"line":145,"column":26}},"38":{"start":{"line":149,"column":0},"end":{"line":149,"column":13}},"39":{"start":{"line":152,"column":2},"end":{"line":152,"column":null}},"40":{"start":{"line":157,"column":2},"end":{"line":157,"column":null}},"41":{"start":{"line":155,"column":14},"end":{"line":155,"column":18}},"42":{"start":{"line":161,"column":2},"end":{"line":161,"column":null}},"43":{"start":{"line":165,"column":2},"end":{"line":165,"column":null}},"44":{"start":{"line":169,"column":2},"end":{"line":169,"column":null}},"45":{"start":{"line":173,"column":2},"end":{"line":173,"column":null}},"46":{"start":{"line":177,"column":2},"end":{"line":177,"column":null}},"47":{"start":{"line":181,"column":2},"end":{"line":181,"column":null}},"48":{"start":{"line":185,"column":2},"end":{"line":185,"column":null}},"49":{"start":{"line":189,"column":2},"end":{"line":189,"column":null}},"50":{"start":{"line":193,"column":2},"end":{"line":193,"column":null}},"51":{"start":{"line":198,"column":2},"end":{"line":198,"column":null}},"52":{"start":{"line":205,"column":2},"end":{"line":205,"column":null}},"53":{"start":{"line":204,"column":14},"end":{"line":204,"column":26}},"54":{"start":{"line":207,"column":0},"end":{"line":207,"column":13}},"55":{"start":{"line":210,"column":2},"end":{"line":210,"column":null}},"56":{"start":{"line":214,"column":2},"end":{"line":214,"column":null}}},"fnMap":{"0":{"name":"(anonymous_2)","decl":{"start":{"line":76,"column":8},"end":{"line":76,"column":11}},"loc":{"start":{"line":76,"column":14},"end":{"line":76,"column":18}}},"1":{"name":"(anonymous_3)","decl":{"start":{"line":129,"column":8},"end":{"line":129,"column":11}},"loc":{"start":{"line":129,"column":14},"end":{"line":129,"column":18}}},"2":{"name":"(anonymous_4)","decl":{"start":{"line":137,"column":8},"end":{"line":137,"column":11}},"loc":{"start":{"line":137,"column":14},"end":{"line":137,"column":26}}},"3":{"name":"(anonymous_5)","decl":{"start":{"line":145,"column":8},"end":{"line":145,"column":11}},"loc":{"start":{"line":145,"column":14},"end":{"line":145,"column":26}}},"4":{"name":"(anonymous_6)","decl":{"start":{"line":155,"column":8},"end":{"line":155,"column":11}},"loc":{"start":{"line":155,"column":14},"end":{"line":155,"column":18}}},"5":{"name":"(anonymous_7)","decl":{"start":{"line":204,"column":8},"end":{"line":204,"column":11}},"loc":{"start":{"line":204,"column":14},"end":{"line":204,"column":26}}}},"branchMap":{"0":{"loc":{"start":{"line":78,"column":8},"end":{"line":78,"column":13}},"type":"cond-expr","locations":[{"start":{"line":78,"column":12},"end":{"line":78,"column":13}},{"start":{"line":78,"column":12},"end":{"line":78,"column":13}}]},"1":{"loc":{"start":{"line":78,"column":8},"end":{"line":78,"column":12}},"type":"binary-expr","locations":[{"start":{"line":78,"column":8},"end":{"line":78,"column":13}},{"start":{"line":78,"column":8},"end":{"line":78,"column":12}}]},"2":{"loc":{"start":{"line":157,"column":8},"end":{"line":157,"column":13}},"type":"cond-expr","locations":[{"start":{"line":157,"column":12},"end":{"line":157,"column":13}},{"start":{"line":157,"column":12},"end":{"line":157,"column":13}}]},"3":{"loc":{"start":{"line":157,"column":8},"end":{"line":157,"column":12}},"type":"binary-expr","locations":[{"start":{"line":157,"column":8},"end":{"line":157,"column":13}},{"start":{"line":157,"column":8},"end":{"line":157,"column":12}}]}},"s":{"0":0,"1":0,"2":0,"3":0,"4":0,"5":0,"6":0,"7":0,"8":0,"9":0,"10":0,"11":0,"12":0,"13":0,"14":0,"15":0,"16":0,"17":0,"18":0,"19":0,"20":0,"21":0,"22":0,"23":0,"24":0,"25":0,"26":0,"27":0,"28":0,"29":0,"30":0,"31":0,"32":0,"33":0,"34":0,"35":0,"36":0,"37":0,"38":0,"39":0,"40":0,"41":0,"42":0,"43":0,"44":0,"45":0,"46":0,"47":0,"48":0,"49":0,"50":0,"51":0,"52":0,"53":0,"54":0,"55":0,"56":0},"f":{"0":0,"1":0,"2":0,"3":0,"4":0,"5":0},"b":{"0":[0,0],"1":[0,0],"2":[0,0],"3":[0,0]}}
,"D:\\Myplan\\hesabyarehonar\\apps\\backend\\src\\database\\data-source-manager.service.ts": {"path":"D:\\Myplan\\hesabyarehonar\\apps\\backend\\src\\database\\data-source-manager.service.ts","statementMap":{"0":{"start":{"line":2,"column":0},"end":{"line":2,"column":null}},"1":{"start":{"line":7,"column":0},"end":{"line":7,"column":56}},"2":{"start":{"line":7,"column":56},"end":{"line":7,"column":null}},"3":{"start":{"line":14,"column":30},"end":{"line":87,"column":null}},"4":{"start":{"line":15,"column":28},"end":{"line":15,"column":62}},"5":{"start":{"line":18,"column":27},"end":{"line":18,"column":56}},"6":{"start":{"line":21,"column":34},"end":{"line":21,"column":72}},"7":{"start":{"line":24,"column":19},"end":{"line":24,"column":58}},"8":{"start":{"line":32,"column":16},"end":{"line":32,"column":37}},"9":{"start":{"line":34,"column":19},"end":{"line":34,"column":38}},"10":{"start":{"line":35,"column":4},"end":{"line":37,"column":5}},"11":{"start":{"line":36,"column":6},"end":{"line":36,"column":20}},"12":{"start":{"line":40,"column":20},"end":{"line":40,"column":46}},"13":{"start":{"line":41,"column":4},"end":{"line":43,"column":5}},"14":{"start":{"line":42,"column":6},"end":{"line":42,"column":21}},"15":{"start":{"line":45,"column":20},"end":{"line":45,"column":44}},"16":{"start":{"line":46,"column":4},"end":{"line":46,"column":40}},"17":{"start":{"line":48,"column":4},"end":{"line":52,"column":5}},"18":{"start":{"line":49,"column":6},"end":{"line":49,"column":27}},"19":{"start":{"line":51,"column":6},"end":{"line":51,"column":36}},"20":{"start":{"line":56,"column":20},"end":{"line":56,"column":67}},"21":{"start":{"line":57,"column":23},"end":{"line":57,"column":46}},"22":{"start":{"line":59,"column":4},"end":{"line":59,"column":34}},"23":{"start":{"line":60,"column":4},"end":{"line":60,"column":37}},"24":{"start":{"line":62,"column":4},"end":{"line":62,"column":74}},"25":{"start":{"line":63,"column":4},"end":{"line":63,"column":22}},"26":{"start":{"line":69,"column":16},"end":{"line":69,"column":37}},"27":{"start":{"line":70,"column":15},"end":{"line":70,"column":34}},"28":{"start":{"line":71,"column":4},"end":{"line":74,"column":5}},"29":{"start":{"line":72,"column":6},"end":{"line":72,"column":25}},"30":{"start":{"line":73,"column":6},"end":{"line":73,"column":73}},"31":{"start":{"line":75,"column":4},"end":{"line":75,"column":27}},"32":{"start":{"line":80,"column":4},"end":{"line":84,"column":6}},"33":{"start":{"line":82,"column":24},"end":{"line":82,"column":40}},"34":{"start":{"line":83,"column":21},"end":{"line":83,"column":33}},"35":{"start":{"line":85,"column":4},"end":{"line":85,"column":23}},"36":{"start":{"line":14,"column":13},"end":{"line":14,"column":30}},"37":{"start":{"line":14,"column":13},"end":{"line":87,"column":null}}},"fnMap":{"0":{"name":"(anonymous_2)","decl":{"start":{"line":23,"column":2},"end":{"line":23,"column":null}},"loc":{"start":{"line":24,"column":58},"end":{"line":25,"column":6}}},"1":{"name":"(anonymous_3)","decl":{"start":{"line":31,"column":2},"end":{"line":31,"column":7}},"loc":{"start":{"line":31,"column":43},"end":{"line":53,"column":3}}},"2":{"name":"(anonymous_4)","decl":{"start":{"line":55,"column":10},"end":{"line":55,"column":15}},"loc":{"start":{"line":55,"column":43},"end":{"line":64,"column":3}}},"3":{"name":"(anonymous_5)","decl":{"start":{"line":68,"column":2},"end":{"line":68,"column":7}},"loc":{"start":{"line":68,"column":37},"end":{"line":76,"column":3}}},"4":{"name":"(anonymous_6)","decl":{"start":{"line":79,"column":2},"end":{"line":79,"column":7}},"loc":{"start":{"line":79,"column":23},"end":{"line":86,"column":3}}},"5":{"name":"(anonymous_7)","decl":{"start":{"line":82,"column":16},"end":{"line":82,"column":17}},"loc":{"start":{"line":82,"column":24},"end":{"line":82,"column":40}}},"6":{"name":"(anonymous_8)","decl":{"start":{"line":83,"column":13},"end":{"line":83,"column":14}},"loc":{"start":{"line":83,"column":21},"end":{"line":83,"column":33}}}},"branchMap":{"0":{"loc":{"start":{"line":35,"column":4},"end":{"line":37,"column":5}},"type":"if","locations":[{"start":{"line":35,"column":4},"end":{"line":37,"column":5}},{"start":{},"end":{}}]},"1":{"loc":{"start":{"line":41,"column":4},"end":{"line":43,"column":5}},"type":"if","locations":[{"start":{"line":41,"column":4},"end":{"line":43,"column":5}},{"start":{},"end":{}}]},"2":{"loc":{"start":{"line":71,"column":4},"end":{"line":74,"column":5}},"type":"if","locations":[{"start":{"line":71,"column":4},"end":{"line":74,"column":5}},{"start":{},"end":{}}]}},"s":{"0":1,"1":1,"2":1,"3":1,"4":0,"5":0,"6":0,"7":0,"8":0,"9":0,"10":0,"11":0,"12":0,"13":0,"14":0,"15":0,"16":0,"17":0,"18":0,"19":0,"20":0,"21":0,"22":0,"23":0,"24":0,"25":0,"26":0,"27":0,"28":0,"29":0,"30":0,"31":0,"32":0,"33":0,"34":0,"35":0,"36":1,"37":1},"f":{"0":0,"1":0,"2":0,"3":0,"4":0,"5":0,"6":0},"b":{"0":[0,0],"1":[0,0],"2":[0,0]}}
,"D:\\Myplan\\hesabyarehonar\\apps\\backend\\src\\database\\entities\\database.module.ts": {"path":"D:\\Myplan\\hesabyarehonar\\apps\\backend\\src\\database\\entities\\database.module.ts","statementMap":{"0":{"start":{"line":2,"column":0},"end":{"line":2,"column":48}},"1":{"start":{"line":3,"column":0},"end":{"line":3,"column":67}},"2":{"start":{"line":4,"column":0},"end":{"line":4,"column":68}},"3":{"start":{"line":5,"column":0},"end":{"line":5,"column":68}},"4":{"start":{"line":6,"column":0},"end":{"line":6,"column":50}},"5":{"start":{"line":7,"column":0},"end":{"line":7,"column":68}},"6":{"start":{"line":8,"column":0},"end":{"line":8,"column":70}},"7":{"start":{"line":9,"column":0},"end":{"line":9,"column":52}},"8":{"start":{"line":10,"column":0},"end":{"line":10,"column":60}},"9":{"start":{"line":11,"column":0},"end":{"line":11,"column":47}},"10":{"start":{"line":12,"column":0},"end":{"line":12,"column":50}},"11":{"start":{"line":13,"column":0},"end":{"line":13,"column":60}},"12":{"start":{"line":14,"column":0},"end":{"line":14,"column":69}},"13":{"start":{"line":15,"column":0},"end":{"line":15,"column":45}},"14":{"start":{"line":16,"column":0},"end":{"line":16,"column":58}},"15":{"start":{"line":17,"column":0},"end":{"line":17,"column":58}},"16":{"start":{"line":18,"column":0},"end":{"line":18,"column":54}},"17":{"start":{"line":19,"column":0},"end":{"line":19,"column":45}},"18":{"start":{"line":20,"column":0},"end":{"line":20,"column":50}},"19":{"start":{"line":22,"column":13},"end":{"line":40,"column":2}},"20":{"start":{"line":52,"column":7},"end":{"line":52,"column":null}},"21":{"start":{"line":52,"column":13},"end":{"line":52,"column":27}},"22":{"start":{"line":52,"column":13},"end":{"line":52,"column":null}},"23":{"start":{"line":47,"column":24},"end":{"line":47,"column":70}}},"fnMap":{"0":{"name":"(anonymous_1)","decl":{"start":{"line":47,"column":18},"end":{"line":47,"column":21}},"loc":{"start":{"line":47,"column":24},"end":{"line":47,"column":70}}}},"branchMap":{},"s":{"0":0,"1":0,"2":0,"3":0,"4":0,"5":0,"6":0,"7":0,"8":0,"9":0,"10":0,"11":0,"12":0,"13":0,"14":0,"15":0,"16":0,"17":0,"18":0,"19":0,"20":0,"21":0,"22":0,"23":0},"f":{"0":0},"b":{}}
,"D:\\Myplan\\hesabyarehonar\\apps\\backend\\src\\database\\entities\\financial-year.config.ts": {"path":"D:\\Myplan\\hesabyarehonar\\apps\\backend\\src\\database\\entities\\financial-year.config.ts","statementMap":{"0":{"start":{"line":9,"column":0},"end":{"line":9,"column":16}},"1":{"start":{"line":17,"column":0},"end":{"line":17,"column":16}},"2":{"start":{"line":21,"column":0},"end":{"line":21,"column":16}},"3":{"start":{"line":4,"column":13},"end":{"line":4,"column":41}},"4":{"start":{"line":7,"column":21},"end":{"line":7,"column":30}},"5":{"start":{"line":10,"column":12},"end":{"line":10,"column":31}},"6":{"start":{"line":11,"column":2},"end":{"line":13,"column":3}},"7":{"start":{"line":12,"column":4},"end":{"line":12,"column":57}},"8":{"start":{"line":14,"column":2},"end":{"line":14,"column":11}},"9":{"start":{"line":18,"column":2},"end":{"line":18,"column":58}},"10":{"start":{"line":25,"column":2},"end":{"line":35,"column":4}}},"fnMap":{"0":{"name":"assertValidYear","decl":{"start":{"line":9,"column":16},"end":{"line":9,"column":31}},"loc":{"start":{"line":9,"column":53},"end":{"line":15,"column":1}}},"1":{"name":"buildDatabaseName","decl":{"start":{"line":17,"column":16},"end":{"line":17,"column":33}},"loc":{"start":{"line":17,"column":55},"end":{"line":19,"column":1}}},"2":{"name":"buildYearDataSourceOptions","decl":{"start":{"line":21,"column":16},"end":{"line":21,"column":42}},"loc":{"start":{"line":23,"column":41},"end":{"line":36,"column":1}}}},"branchMap":{"0":{"loc":{"start":{"line":11,"column":2},"end":{"line":13,"column":3}},"type":"if","locations":[{"start":{"line":11,"column":2},"end":{"line":13,"column":3}},{"start":{},"end":{}}]},"1":{"loc":{"start":{"line":27,"column":10},"end":{"line":27,"column":44}},"type":"binary-expr","locations":[{"start":{"line":27,"column":10},"end":{"line":27,"column":29}},{"start":{"line":27,"column":33},"end":{"line":27,"column":44}}]},"2":{"loc":{"start":{"line":28,"column":17},"end":{"line":28,"column":44}},"type":"binary-expr","locations":[{"start":{"line":28,"column":17},"end":{"line":28,"column":36}},{"start":{"line":28,"column":40},"end":{"line":28,"column":44}}]},"3":{"loc":{"start":{"line":29,"column":14},"end":{"line":29,"column":51}},"type":"binary-expr","locations":[{"start":{"line":29,"column":14},"end":{"line":29,"column":37}},{"start":{"line":29,"column":41},"end":{"line":29,"column":51}}]}},"s":{"0":1,"1":1,"2":1,"3":1,"4":1,"5":0,"6":0,"7":0,"8":0,"9":0,"10":0},"f":{"0":0,"1":0,"2":0},"b":{"0":[0,0],"1":[0,0],"2":[0,0],"3":[0,0]}}
,"D:\\Myplan\\hesabyarehonar\\apps\\backend\\src\\database\\entities\\index.ts": {"path":"D:\\Myplan\\hesabyarehonar\\apps\\backend\\src\\database\\entities\\index.ts","statementMap":{"0":{"start":{"line":2,"column":0},"end":{"line":2,"column":50}},"1":{"start":{"line":3,"column":0},"end":{"line":3,"column":44}},"2":{"start":{"line":4,"column":0},"end":{"line":4,"column":47}},"3":{"start":{"line":5,"column":0},"end":{"line":5,"column":45}},"4":{"start":{"line":6,"column":0},"end":{"line":6,"column":45}},"5":{"start":{"line":7,"column":0},"end":{"line":7,"column":50}},"6":{"start":{"line":8,"column":0},"end":{"line":8,"column":58}},"7":{"start":{"line":9,"column":0},"end":{"line":9,"column":58}},"8":{"start":{"line":10,"column":0},"end":{"line":10,"column":54}},"9":{"start":{"line":11,"column":0},"end":{"line":11,"column":69}},"10":{"start":{"line":12,"column":0},"end":{"line":12,"column":60}},"11":{"start":{"line":13,"column":0},"end":{"line":13,"column":50}},"12":{"start":{"line":14,"column":0},"end":{"line":14,"column":60}},"13":{"start":{"line":15,"column":0},"end":{"line":15,"column":52}},"14":{"start":{"line":16,"column":0},"end":{"line":16,"column":70}},"15":{"start":{"line":17,"column":0},"end":{"line":17,"column":68}},"16":{"start":{"line":18,"column":0},"end":{"line":18,"column":50}},"17":{"start":{"line":19,"column":0},"end":{"line":19,"column":68}},"18":{"start":{"line":20,"column":0},"end":{"line":20,"column":68}},"19":{"start":{"line":22,"column":13},"end":{"line":25,"column":2}},"20":{"start":{"line":27,"column":13},"end":{"line":45,"column":2}},"21":{"start":{"line":48,"column":13},"end":{"line":51,"column":2}},"22":{"start":{"line":54,"column":0},"end":{"line":54,"column":40}},"23":{"start":{"line":55,"column":0},"end":{"line":55,"column":37}},"24":{"start":{"line":56,"column":0},"end":{"line":56,"column":39}},"25":{"start":{"line":57,"column":0},"end":{"line":57,"column":42}},"26":{"start":{"line":58,"column":0},"end":{"line":58,"column":46}},"27":{"start":{"line":59,"column":0},"end":{"line":59,"column":46}},"28":{"start":{"line":60,"column":0},"end":{"line":60,"column":44}},"29":{"start":{"line":61,"column":0},"end":{"line":61,"column":40}},"30":{"start":{"line":62,"column":0},"end":{"line":62,"column":47}},"31":{"start":{"line":63,"column":0},"end":{"line":63,"column":43}},"32":{"start":{"line":64,"column":0},"end":{"line":64,"column":52}},"33":{"start":{"line":65,"column":0},"end":{"line":65,"column":51}},"34":{"start":{"line":66,"column":0},"end":{"line":66,"column":39}},"35":{"start":{"line":67,"column":0},"end":{"line":67,"column":47}},"36":{"start":{"line":68,"column":0},"end":{"line":68,"column":42}},"37":{"start":{"line":69,"column":0},"end":{"line":69,"column":42}},"38":{"start":{"line":70,"column":0},"end":{"line":70,"column":51}},"39":{"start":{"line":71,"column":0},"end":{"line":71,"column":51}},"40":{"start":{"line":72,"column":0},"end":{"line":72,"column":52}}},"fnMap":{},"branchMap":{},"s":{"0":1,"1":1,"2":1,"3":1,"4":1,"5":1,"6":1,"7":1,"8":1,"9":1,"10":1,"11":1,"12":1,"13":1,"14":1,"15":1,"16":1,"17":1,"18":1,"19":1,"20":1,"21":1,"22":1,"23":1,"24":1,"25":1,"26":1,"27":1,"28":1,"29":1,"30":1,"31":1,"32":1,"33":1,"34":1,"35":1,"36":1,"37":1,"38":1,"39":1,"40":1},"f":{},"b":{}}
,"D:\\Myplan\\hesabyarehonar\\apps\\backend\\src\\database\\entities\\financial\\coa-gp.entity.ts": {"path":"D:\\Myplan\\hesabyarehonar\\apps\\backend\\src\\database\\entities\\financial\\coa-gp.entity.ts","statementMap":{"0":{"start":{"line":1,"column":0},"end":{"line":1,"column":65}},"1":{"start":{"line":4,"column":7},"end":{"line":18,"column":null}},"2":{"start":{"line":4,"column":13},"end":{"line":4,"column":18}},"3":{"start":{"line":5,"column":28},"end":{"line":5,"column":null}},"4":{"start":{"line":6,"column":43},"end":{"line":6,"column":null}},"5":{"start":{"line":7,"column":43},"end":{"line":7,"column":null}},"6":{"start":{"line":8,"column":59},"end":{"line":8,"column":null}},"7":{"start":{"line":9,"column":60},"end":{"line":9,"column":null}},"8":{"start":{"line":10,"column":44},"end":{"line":10,"column":null}},"9":{"start":{"line":11,"column":47},"end":{"line":11,"column":null}},"10":{"start":{"line":12,"column":27},"end":{"line":12,"column":null}},"11":{"start":{"line":13,"column":33},"end":{"line":13,"column":null}},"12":{"start":{"line":14,"column":43},"end":{"line":14,"column":null}},"13":{"start":{"line":15,"column":49},"end":{"line":15,"column":null}},"14":{"start":{"line":16,"column":43},"end":{"line":16,"column":null}},"15":{"start":{"line":17,"column":49},"end":{"line":17,"column":null}},"16":{"start":{"line":4,"column":13},"end":{"line":18,"column":null}}},"fnMap":{},"branchMap":{"0":{"loc":{"start":{"line":13,"column":38},"end":{"line":13,"column":43}},"type":"cond-expr","locations":[{"start":{"line":13,"column":42},"end":{"line":13,"column":43}},{"start":{"line":13,"column":42},"end":{"line":13,"column":43}}]},"1":{"loc":{"start":{"line":13,"column":38},"end":{"line":13,"column":42}},"type":"binary-expr","locations":[{"start":{"line":13,"column":38},"end":{"line":13,"column":43}},{"start":{"line":13,"column":38},"end":{"line":13,"column":42}}]},"2":{"loc":{"start":{"line":15,"column":54},"end":{"line":15,"column":59}},"type":"cond-expr","locations":[{"start":{"line":15,"column":58},"end":{"line":15,"column":59}},{"start":{"line":15,"column":58},"end":{"line":15,"column":59}}]},"3":{"loc":{"start":{"line":15,"column":54},"end":{"line":15,"column":58}},"type":"binary-expr","locations":[{"start":{"line":15,"column":54},"end":{"line":15,"column":59}},{"start":{"line":15,"column":54},"end":{"line":15,"column":58}}]},"4":{"loc":{"start":{"line":17,"column":54},"end":{"line":17,"column":59}},"type":"cond-expr","locations":[{"start":{"line":17,"column":58},"end":{"line":17,"column":59}},{"start":{"line":17,"column":58},"end":{"line":17,"column":59}}]},"5":{"loc":{"start":{"line":17,"column":54},"end":{"line":17,"column":58}},"type":"binary-expr","locations":[{"start":{"line":17,"column":54},"end":{"line":17,"column":59}},{"start":{"line":17,"column":54},"end":{"line":17,"column":58}}]}},"s":{"0":1,"1":1,"2":1,"3":1,"4":1,"5":1,"6":1,"7":1,"8":1,"9":1,"10":1,"11":1,"12":1,"13":1,"14":1,"15":1,"16":1},"f":{},"b":{"0":[1,0],"1":[1,1],"2":[1,0],"3":[1,1],"4":[1,0],"5":[1,1]}}
[...]
src\\database\\entities\\financial\\user.entity.ts": {"path":"D:\\Myplan\\hesabyarehonar\\apps\\backend\\src\\database\\entities\\financial\\user.entity.ts","statementMap":{"0":{"start":{"line":1,"column":0},"end":{"line":1,"column":56}},"1":{"start":{"line":4,"column":7},"end":{"line":111,"column":null}},"2":{"start":{"line":4,"column":13},"end":{"line":4,"column":17}},"3":{"start":{"line":7,"column":2},"end":{"line":7,"column":null}},"4":{"start":{"line":10,"column":2},"end":{"line":10,"column":null}},"5":{"start":{"line":13,"column":2},"end":{"line":13,"column":null}},"6":{"start":{"line":17,"column":2},"end":{"line":17,"column":null}},"7":{"start":{"line":20,"column":2},"end":{"line":20,"column":null}},"8":{"start":{"line":23,"column":2},"end":{"line":23,"column":null}},"9":{"start":{"line":26,"column":2},"end":{"line":26,"column":null}},"10":{"start":{"line":29,"column":2},"end":{"line":29,"column":null}},"11":{"start":{"line":32,"column":2},"end":{"line":32,"column":null}},"12":{"start":{"line":35,"column":2},"end":{"line":35,"column":null}},"13":{"start":{"line":38,"column":2},"end":{"line":38,"column":null}},"14":{"start":{"line":41,"column":2},"end":{"line":41,"column":null}},"15":{"start":{"line":44,"column":2},"end":{"line":44,"column":null}},"16":{"start":{"line":47,"column":2},"end":{"line":47,"column":null}},"17":{"start":{"line":49,"column":2},"end":{"line":49,"column":null}},"18":{"start":{"line":53,"column":0},"end":{"line":53,"column":null}},"19":{"start":{"line":57,"column":0},"end":{"line":57,"column":null}},"20":{"start":{"line":61,"column":0},"end":{"line":61,"column":null}},"21":{"start":{"line":65,"column":0},"end":{"line":65,"column":null}},"22":{"start":{"line":69,"column":0},"end":{"line":69,"column":null}},"23":{"start":{"line":73,"column":0},"end":{"line":73,"column":null}},"24":{"start":{"line":77,"column":0},"end":{"line":77,"column":null}},"25":{"start":{"line":81,"column":0},"end":{"line":81,"column":null}},"26":{"start":{"line":85,"column":0},"end":{"line":85,"column":null}},"27":{"start":{"line":89,"column":0},"end":{"line":89,"column":null}},"28":{"start":{"line":93,"column":0},"end":{"line":93,"column":null}},"29":{"start":{"line":97,"column":0},"end":{"line":97,"column":null}},"30":{"start":{"line":101,"column":0},"end":{"line":101,"column":null}},"31":{"start":{"line":105,"column":0},"end":{"line":105,"column":null}},"32":{"start":{"line":109,"column":0},"end":{"line":109,"column":null}},"33":{"start":{"line":4,"column":13},"end":{"line":111,"column":null}}},"fnMap":{},"branchMap":{"0":{"loc":{"start":{"line":97,"column":5},"end":{"line":97,"column":10}},"type":"cond-expr","locations":[{"start":{"line":97,"column":9},"end":{"line":97,"column":10}},{"start":{"line":97,"column":9},"end":{"line":97,"column":10}}]},"1":{"loc":{"start":{"line":97,"column":5},"end":{"line":97,"column":9}},"type":"binary-expr","locations":[{"start":{"line":97,"column":5},"end":{"line":97,"column":10}},{"start":{"line":97,"column":5},"end":{"line":97,"column":9}}]}},"s":{"0":1,"1":1,"2":1,"3":1,"4":1,"5":1,"6":1,"7":1,"8":1,"9":1,"10":1,"11":1,"12":1,"13":1,"14":1,"15":1,"16":1,"17":1,"18":1,"19":1,"20":1,"21":1,"22":1,"23":1,"24":1,"25":1,"26":1,"27":1,"28":1,"29":1,"30":1,"31":1,"32":1,"33":1},"f":{},"b":{"0":[1,0],"1":[1,1]}}
,"D:\\Myplan\\hesabyarehonar\\apps\\backend\\src\\database\\entities\\financial\\vat-gp.entity.ts": {"path":"D:\\Myplan\\hesabyarehonar\\apps\\backend\\src\\database\\entities\\financial\\vat-gp.entity.ts","statementMap":{"0":{"start":{"line":1,"column":0},"end":{"line":1,"column":65}},"1":{"start":{"line":4,"column":7},"end":{"line":46,"column":null}},"2":{"start":{"line":4,"column":13},"end":{"line":4,"column":18}},"3":{"start":{"line":6,"column":2},"end":{"line":6,"column":null}},"4":{"start":{"line":9,"column":2},"end":{"line":9,"column":null}},"5":{"start":{"line":12,"column":2},"end":{"line":12,"column":null}},"6":{"start":{"line":15,"column":2},"end":{"line":15,"column":null}},"7":{"start":{"line":18,"column":2},"end":{"line":18,"column":null}},"8":{"start":{"line":21,"column":2},"end":{"line":21,"column":null}},"9":{"start":{"line":24,"column":2},"end":{"line":24,"column":null}},"10":{"start":{"line":27,"column":2},"end":{"line":27,"column":null}},"11":{"start":{"line":30,"column":2},"end":{"line":30,"column":null}},"12":{"start":{"line":33,"column":2},"end":{"line":33,"column":null}},"13":{"start":{"line":36,"column":2},"end":{"line":36,"column":null}},"14":{"start":{"line":39,"column":2},"end":{"line":39,"column":null}},"15":{"start":{"line":42,"column":2},"end":{"line":42,"column":null}},"16":{"start":{"line":45,"column":2},"end":{"line":45,"column":null}},"17":{"start":{"line":4,"column":13},"end":{"line":46,"column":null}}},"fnMap":{},"branchMap":{"0":{"loc":{"start":{"line":33,"column":7},"end":{"line":33,"column":12}},"type":"cond-expr","locations":[{"start":{"line":33,"column":11},"end":{"line":33,"column":12}},{"start":{"line":33,"column":11},"end":{"line":33,"column":12}}]},"1":{"loc":{"start":{"line":33,"column":7},"end":{"line":33,"column":11}},"type":"binary-expr","locations":[{"start":{"line":33,"column":7},"end":{"line":33,"column":12}},{"start":{"line":33,"column":7},"end":{"line":33,"column":11}}]}},"s":{"0":1,"1":1,"2":1,"3":1,"4":1,"5":1,"6":1,"7":1,"8":1,"9":1,"10":1,"11":1,"12":1,"13":1,"14":1,"15":1,"16":1,"17":1},"f":{},"b":{"0":[1,0],"1":[1,1]}}
,"D:\\Myplan\\hesabyarehonar\\apps\\backend\\src\\database\\entities\\financial\\weekly-discount.entity.ts": {"path":"D:\\Myplan\\hesabyarehonar\\apps\\backend\\src\\database\\entities\\financial\\weekly-discount.entity.ts","statementMap":{"0":{"start":{"line":1,"column":0},"end":{"line":1,"column":65}},"1":{"start":{"line":4,"column":7},"end":{"line":64,"column":null}},"2":{"start":{"line":4,"column":13},"end":{"line":4,"column":27}},"3":{"start":{"line":6,"column":2},"end":{"line":6,"column":null}},"4":{"start":{"line":9,"column":2},"end":{"line":9,"column":null}},"5":{"start":{"line":12,"column":2},"end":{"line":12,"column":null}},"6":{"start":{"line":15,"column":2},"end":{"line":15,"column":null}},"7":{"start":{"line":18,"column":2},"end":{"line":18,"column":null}},"8":{"start":{"line":21,"column":2},"end":{"line":21,"column":null}},"9":{"start":{"line":24,"column":2},"end":{"line":24,"column":null}},"10":{"start":{"line":27,"column":2},"end":{"line":27,"column":null}},"11":{"start":{"line":30,"column":2},"end":{"line":30,"column":null}},"12":{"start":{"line":33,"column":2},"end":{"line":33,"column":null}},"13":{"start":{"line":36,"column":2},"end":{"line":36,"column":null}},"14":{"start":{"line":39,"column":2},"end":{"line":39,"column":null}},"15":{"start":{"line":42,"column":2},"end":{"line":42,"column":null}},"16":{"start":{"line":45,"column":2},"end":{"line":45,"column":null}},"17":{"start":{"line":48,"column":2},"end":{"line":48,"column":null}},"18":{"start":{"line":51,"column":2},"end":{"line":51,"column":null}},"19":{"start":{"line":54,"column":2},"end":{"line":54,"column":null}},"20":{"start":{"line":57,"column":2},"end":{"line":57,"column":null}},"21":{"start":{"line":60,"column":2},"end":{"line":60,"column":null}},"22":{"start":{"line":63,"column":2},"end":{"line":63,"column":null}},"23":{"start":{"line":4,"column":13},"end":{"line":64,"column":null}}},"fnMap":{},"branchMap":{"0":{"loc":{"start":{"line":57,"column":7},"end":{"line":57,"column":12}},"type":"cond-expr","locations":[{"start":{"line":57,"column":11},"end":{"line":57,"column":12}},{"start":{"line":57,"column":11},"end":{"line":57,"column":12}}]},"1":{"loc":{"start":{"line":57,"column":7},"end":{"line":57,"column":11}},"type":"binary-expr","locations":[{"start":{"line":57,"column":7},"end":{"line":57,"column":12}},{"start":{"line":57,"column":7},"end":{"line":57,"column":11}}]}},"s":{"0":1,"1":1,"2":1,"3":1,"4":1,"5":1,"6":1,"7":1,"8":1,"9":1,"10":1,"11":1,"12":1,"13":1,"14":1,"15":1,"16":1,"17":1,"18":1,"19":1,"20":1,"21":1,"22":1,"23":1},"f":{},"b":{"0":[1,0],"1":[1,1]}}
,"D:\\Myplan\\hesabyarehonar\\apps\\backend\\src\\database\\entities\\financial\\windows-setting.entity.ts": {"path":"D:\\Myplan\\hesabyarehonar\\apps\\backend\\src\\database\\entities\\financial\\windows-setting.entity.ts","statementMap":{"0":{"start":{"line":1,"column":0},"end":{"line":1,"column":65}},"1":{"start":{"line":4,"column":7},"end":{"line":40,"column":null}},"2":{"start":{"line":4,"column":13},"end":{"line":4,"column":27}},"3":{"start":{"line":6,"column":2},"end":{"line":6,"column":null}},"4":{"start":{"line":9,"column":2},"end":{"line":9,"column":null}},"5":{"start":{"line":12,"column":2},"end":{"line":12,"column":null}},"6":{"start":{"line":15,"column":2},"end":{"line":15,"column":null}},"7":{"start":{"line":18,"column":2},"end":{"line":18,"column":null}},"8":{"start":{"line":21,"column":2},"end":{"line":21,"column":null}},"9":{"start":{"line":24,"column":2},"end":{"line":24,"column":null}},"10":{"start":{"line":27,"column":2},"end":{"line":27,"column":null}},"11":{"start":{"line":30,"column":2},"end":{"line":30,"column":null}},"12":{"start":{"line":33,"column":2},"end":{"line":33,"column":null}},"13":{"start":{"line":36,"column":2},"end":{"line":36,"column":null}},"14":{"start":{"line":39,"column":2},"end":{"line":39,"column":null}},"15":{"start":{"line":4,"column":13},"end":{"line":40,"column":null}}},"fnMap":{},"branchMap":{},"s":{"0":1,"1":1,"2":1,"3":1,"4":1,"5":1,"6":1,"7":1,"8":1,"9":1,"10":1,"11":1,"12":1,"13":1,"14":1,"15":1},"f":{},"b":{}}
,"D:\\Myplan\\hesabyarehonar\\apps\\backend\\src\\database\\entities\\global\\acct.datasource.ts": {"path":"D:\\Myplan\\hesabyarehonar\\apps\\backend\\src\\database\\entities\\global\\acct.datasource.ts","statementMap":{"0":{"start":{"line":2,"column":0},"end":{"line":2,"column":37}},"1":{"start":{"line":3,"column":0},"end":{"line":3,"column":37}},"2":{"start":{"line":4,"column":0},"end":{"line":4,"column":43}},"3":{"start":{"line":6,"column":13},"end":{"line":15,"column":3}}},"fnMap":{},"branchMap":{"0":{"loc":{"start":{"line":8,"column":8},"end":{"line":8,"column":42}},"type":"binary-expr","locations":[{"start":{"line":8,"column":8},"end":{"line":8,"column":27}},{"start":{"line":8,"column":31},"end":{"line":8,"column":42}}]},"1":{"loc":{"start":{"line":9,"column":17},"end":{"line":9,"column":46}},"type":"binary-expr","locations":[{"start":{"line":9,"column":17},"end":{"line":9,"column":36}},{"start":{"line":9,"column":40},"end":{"line":9,"column":46}}]},"2":{"loc":{"start":{"line":10,"column":12},"end":{"line":10,"column":49}},"type":"binary-expr","locations":[{"start":{"line":10,"column":12},"end":{"line":10,"column":35}},{"start":{"line":10,"column":39},"end":{"line":10,"column":49}}]},"3":{"loc":{"start":{"line":11,"column":12},"end":{"line":11,"column":41}},"type":"binary-expr","locations":[{"start":{"line":11,"column":12},"end":{"line":11,"column":35}},{"start":{"line":11,"column":39},"end":{"line":11,"column":41}}]}},"s":{"0":0,"1":0,"2":0,"3":0},"f":{},"b":{"0":[0,0],"1":[0,0],"2":[0,0],"3":[0,0]}}
,"D:\\Myplan\\hesabyarehonar\\apps\\backend\\src\\database\\entities\\global\\company.entity.ts": {"path":"D:\\Myplan\\hesabyarehonar\\apps\\backend\\src\\database\\entities\\global\\company.entity.ts","statementMap":{"0":{"start":{"line":1,"column":0},"end":{"line":1,"column":65}},"1":{"start":{"line":4,"column":7},"end":{"line":124,"column":null}},"2":{"start":{"line":4,"column":13},"end":{"line":4,"column":20}},"3":{"start":{"line":6,"column":2},"end":{"line":6,"column":null}},"4":{"start":{"line":9,"column":2},"end":{"line":9,"column":null}},"5":{"start":{"line":12,"column":2},"end":{"line":12,"column":null}},"6":{"start":{"line":15,"column":2},"end":{"line":15,"column":null}},"7":{"start":{"line":18,"column":2},"end":{"line":18,"column":null}},"8":{"start":{"line":21,"column":2},"end":{"line":21,"column":null}},"9":{"start":{"line":24,"column":2},"end":{"line":24,"column":null}},"10":{"start":{"line":27,"column":2},"end":{"line":27,"column":null}},"11":{"start":{"line":30,"column":2},"end":{"line":30,"column":null}},"12":{"start":{"line":33,"column":2},"end":{"line":33,"column":null}},"13":{"start":{"line":36,"column":2},"end":{"line":36,"column":null}},"14":{"start":{"line":39,"column":2},"end":{"line":39,"column":null}},"15":{"start":{"line":42,"column":2},"end":{"line":42,"column":null}},"16":{"start":{"line":45,"column":2},"end":{"line":45,"column":null}},"17":{"start":{"line":48,"column":2},"end":{"line":48,"column":null}},"18":{"start":{"line":51,"column":2},"end":{"line":51,"column":null}},"19":{"start":{"line":54,"column":2},"end":{"line":54,"column":null}},"20":{"start":{"line":57,"column":2},"end":{"line":57,"column":null}},"21":{"start":{"line":60,"column":2},"end":{"line":60,"column":null}},"22":{"start":{"line":63,"column":2},"end":{"line":63,"column":null}},"23":{"start":{"line":66,"column":2},"end":{"line":66,"column":null}},"24":{"start":{"line":69,"column":2},"end":{"line":69,"column":null}},"25":{"start":{"line":72,"column":2},"end":{"line":72,"column":null}},"26":{"start":{"line":75,"column":2},"end":{"line":75,"column":null}},"27":{"start":{"line":78,"column":2},"end":{"line":78,"column":null}},"28":{"start":{"line":81,"column":2},"end":{"line":81,"column":null}},"29":{"start":{"line":84,"column":2},"end":{"line":84,"column":null}},"30":{"start":{"line":87,"column":2},"end":{"line":87,"column":null}},"31":{"start":{"line":90,"column":2},"end":{"line":90,"column":null}},"32":{"start":{"line":93,"column":2},"end":{"line":93,"column":null}},"33":{"start":{"line":96,"column":2},"end":{"line":96,"column":null}},"34":{"start":{"line":99,"column":2},"end":{"line":99,"column":null}},"35":{"start":{"line":102,"column":2},"end":{"line":102,"column":null}},"36":{"start":{"line":105,"column":2},"end":{"line":105,"column":null}},"37":{"start":{"line":108,"column":2},"end":{"line":108,"column":null}},"38":{"start":{"line":111,"column":2},"end":{"line":111,"column":null}},"39":{"start":{"line":114,"column":2},"end":{"line":114,"column":null}},"40":{"start":{"line":117,"column":2},"end":{"line":117,"column":null}},"41":{"start":{"line":120,"column":2},"end":{"line":120,"column":null}},"42":{"start":{"line":123,"column":2},"end":{"line":123,"column":null}},"43":{"start":{"line":4,"column":13},"end":{"line":124,"column":null}}},"fnMap":{},"branchMap":{"0":{"loc":{"start":{"line":87,"column":7},"end":{"line":87,"column":12}},"type":"cond-expr","locations":[{"start":{"line":87,"column":11},"end":{"line":87,"column":12}},{"start":{"line":87,"column":11},"end":{"line":87,"column":12}}]},"1":{"loc":{"start":{"line":87,"column":7},"end":{"line":87,"column":11}},"type":"binary-expr","locations":[{"start":{"line":87,"column":7},"end":{"line":87,"column":12}},{"start":{"line":87,"column":7},"end":{"line":87,"column":11}}]},"2":{"loc":{"start":{"line":93,"column":7},"end":{"line":93,"column":12}},"type":"cond-expr","locations":[{"start":{"line":93,"column":11},"end":{"line":93,"column":12}},{"start":{"line":93,"column":11},"end":{"line":93,"column":12}}]},"3":{"loc":{"start":{"line":93,"column":7},"end":{"line":93,"column":11}},"type":"binary-expr","locations":[{"start":{"line":93,"column":7},"end":{"line":93,"column":12}},{"start":{"line":93,"column":7},"end":{"line":93,"column":11}}]},"4":{"loc":{"start":{"line":99,"column":7},"end":{"line":99,"column":12}},"type":"cond-expr","locations":[{"start":{"line":99,"column":11},"end":{"line":99,"column":12}},{"start":{"line":99,"column":11},"end":{"line":99,"column":12}}]},"5":{"loc":{"start":{"line":99,"column":7},"end":{"line":99,"column":11}},"type":"binary-expr","locations":[{"start":{"line":99,"column":7},"end":{"line":99,"column":12}},{"start":{"line":99,"column":7},"end":{"line":99,"column":11}}]}},"s":{"0":1,"1":1,"2":1,"3":1,"4":1,"5":1,"6":1,"7":1,"8":1,"9":1,"10":1,"11":1,"12":1,"13":1,"14":1,"15":1,"16":1,"17":1,"18":1,"19":1,"20":1,"21":1,"22":1,"23":1,"24":1,"25":1,"26":1,"27":1,"28":1,"29":1,"30":1,"31":1,"32":1,"33":1,"34":1,"35":1,"36":1,"37":1,"38":1,"39":1,"40":1,"41":1,"42":1,"43":1},"f":{},"b":{"0":[1,0],"1":[1,1],"2":[1,0],"3":[1,1],"4":[1,0],"5":[1,1]}}
,"D:\\Myplan\\hesabyarehonar\\apps\\backend\\src\\database\\entities\\global\\year.entity.ts": {"path":"D:\\Myplan\\hesabyarehonar\\apps\\backend\\src\\database\\entities\\global\\year.entity.ts","statementMap":{"0":{"start":{"line":1,"column":0},"end":{"line":1,"column":65}},"1":{"start":{"line":4,"column":7},"end":{"line":13,"column":null}},"2":{"start":{"line":4,"column":13},"end":{"line":4,"column":17}},"3":{"start":{"line":6,"column":2},"end":{"line":6,"column":null}},"4":{"start":{"line":9,"column":2},"end":{"line":9,"column":null}},"5":{"start":{"line":12,"column":2},"end":{"line":12,"column":null}},"6":{"start":{"line":4,"column":13},"end":{"line":13,"column":null}}},"fnMap":{},"branchMap":{},"s":{"0":1,"1":1,"2":1,"3":1,"4":1,"5":1,"6":1},"f":{},"b":{}}
,"D:\\Myplan\\hesabyarehonar\\apps\\backend\\src\\guards\\financial-year.guard.ts": {"path":"D:\\Myplan\\hesabyarehonar\\apps\\backend\\src\\guards\\financial-year.guard.ts","statementMap":{"0":{"start":{"line":1,"column":0},"end":{"line":1,"column":null}},"1":{"start":{"line":8,"column":0},"end":{"line":8,"column":51}},"2":{"start":{"line":9,"column":0},"end":{"line":9,"column":37}},"3":{"start":{"line":10,"column":0},"end":{"line":10,"column":63}},"4":{"start":{"line":11,"column":0},"end":{"line":11,"column":77}},"5":{"start":{"line":14,"column":7},"end":{"line":47,"column":null}},"6":{"start":{"line":17,"column":21},"end":{"line":17,"column":37}},"7":{"start":{"line":21,"column":20},"end":{"line":21,"column":55}},"8":{"start":{"line":22,"column":17},"end":{"line":22,"column":45}},"9":{"start":{"line":25,"column":4},"end":{"line":30,"column":5}},"10":{"start":{"line":26,"column":6},"end":{"line":26,"column":28}},"11":{"start":{"line":28,"column":22},"end":{"line":28,"column":84}},"12":{"start":{"line":29,"column":6},"end":{"line":29,"column":45}},"13":{"start":{"line":33,"column":23},"end":{"line":35,"column":6}},"14":{"start":{"line":37,"column":4},"end":{"line":39,"column":5}},"15":{"start":{"line":38,"column":6},"end":{"line":38,"column":70}},"16":{"start":{"line":42,"column":4},"end":{"line":42,"column":33}},"17":{"start":{"line":43,"column":4},"end":{"line":43,"column":36}},"18":{"start":{"line":45,"column":4},"end":{"line":45,"column":16}},"19":{"start":{"line":14,"column":13},"end":{"line":14,"column":31}},"20":{"start":{"line":14,"column":13},"end":{"line":47,"column":null}}},"fnMap":{"0":{"name":"(anonymous_4)","decl":{"start":{"line":15,"column":2},"end":{"line":15,"column":null}},"loc":{"start":{"line":17,"column":53},"end":{"line":18,"column":6}}},"1":{"name":"(anonymous_5)","decl":{"start":{"line":20,"column":2},"end":{"line":20,"column":7}},"loc":{"start":{"line":20,"column":45},"end":{"line":46,"column":3}}}},"branchMap":{"0":{"loc":{"start":{"line":28,"column":22},"end":{"line":28,"column":84}},"type":"cond-expr","locations":[{"start":{"line":28,"column":47},"end":{"line":28,"column":60}},{"start":{"line":28,"column":63},"end":{"line":28,"column":84}}]},"1":{"loc":{"start":{"line":37,"column":4},"end":{"line":39,"column":5}},"type":"if","locations":[{"start":{"line":37,"column":4},"end":{"line":39,"column":5}},{"start":{},"end":{}}]},"2":{"loc":{"start":{"line":17,"column":37},"end":{"line":17,"column":53}},"type":"cond-expr","locations":[{"start":{"line":17,"column":47},"end":{"line":17,"column":53}},{"start":{"line":17,"column":47},"end":{"line":17,"column":53}}]},"3":{"loc":{"start":{"line":17,"column":37},"end":{"line":17,"column":47}},"type":"binary-expr","locations":[{"start":{"line":17,"column":37},"end":{"line":17,"column":53}},{"start":{"line":17,"column":37},"end":{"line":17,"column":47}}]}},"s":{"0":0,"1":0,"2":0,"3":0,"4":0,"5":0,"6":0,"7":0,"8":0,"9":0,"10":0,"11":0,"12":0,"13":0,"14":0,"15":0,"16":0,"17":0,"18":0,"19":0,"20":0},"f":{"0":0,"1":0},"b":{"0":[0,0],"1":[0,0],"2":[0,0],"3":[0,0]}}
}
