TN:
SF:src\app.controller.ts
FN:6,(anonymous_2)
FN:9,(anonymous_3)
FNF:2
FNH:2
FNDA:1,(anonymous_2)
FNDA:1,(anonymous_3)
DA:1,1
DA:2,1
DA:5,1
DA:6,1
DA:9,1
DA:10,1
LF:6
LH:6
BRDA:6,0,0,1
BRDA:6,0,1,0
BRDA:6,1,0,1
BRDA:6,1,1,1
BRF:4
BRH:3
end_of_record
TN:
SF:src\app.module.ts
FN:14,(anonymous_1)
FNF:1
FNH:0
FNDA:0,(anonymous_1)
DA:1,0
DA:2,0
DA:3,0
DA:4,0
DA:5,0
DA:6,0
DA:14,0
DA:30,0
LF:8
LH:0
BRF:0
BRH:0
end_of_record
TN:
SF:src\app.service.ts
FN:5,(anonymous_1)
FNF:1
FNH:1
FNDA:1,(anonymous_1)
DA:1,1
DA:4,1
DA:6,1
LF:3
LH:3
BRF:0
BRH:0
end_of_record
TN:
SF:src\main.ts
FN:7,bootstrap
FN:33,(anonymous_1)
FNF:2
FNH:0
FNDA:0,bootstrap
FNDA:0,(anonymous_1)
DA:1,0
DA:2,0
DA:3,0
DA:4,0
DA:5,0
DA:9,0
DA:10,0
DA:11,0
DA:13,0
DA:14,0
DA:18,0
DA:19,0
DA:20,0
DA:22,0
DA:31,0
DA:32,0
DA:33,0
DA:34,0
DA:37,0
DA:41,0
DA:42,0
DA:46,0
DA:47,0
DA:49,0
LF:24
LH:0
BRDA:46,0,0,0
BRDA:46,0,1,0
BRDA:47,1,0,0
BRDA:47,1,1,0
BRF:4
BRH:0
end_of_record
TN:
SF:src\coa\coa.controller.ts
FN:10,(anonymous_4)
FN:17,(anonymous_5)
FN:27,(anonymous_6)
FN:37,(anonymous_7)
FN:50,(anonymous_8)
FNF:5
FNH:0
FNDA:0,(anonymous_4)
FNDA:0,(anonymous_5)
FNDA:0,(anonymous_6)
FNDA:0,(anonymous_7)
FNDA:0,(anonymous_8)
DA:3,0
DA:4,0
DA:5,0
DA:9,0
DA:10,0
DA:17,0
DA:18,0
DA:19,0
DA:27,0
DA:28,0
DA:29,0
DA:37,0
DA:41,0
DA:42,0
DA:50,0
DA:54,0
DA:55,0
LF:17
LH:0
BRDA:10,0,0,0
BRDA:10,0,1,0
BRDA:10,1,0,0
BRDA:10,1,1,0
BRF:4
BRH:0
end_of_record
TN:
SF:src\coa\coa.module.ts
FN:26,(anonymous_1)
FNF:1
FNH:0
FNDA:0,(anonymous_1)
DA:3,0
DA:4,0
DA:5,0
DA:6,0
DA:7,0
DA:8,0
DA:9,0
DA:10,0
DA:11,0
DA:12,0
DA:13,0
DA:14,0
DA:28,0
DA:39,0
LF:14
LH:0
BRF:0
BRH:0
end_of_record
TN:
SF:src\coa\coa.service.ts
FN:11,(anonymous_2)
FN:15,(anonymous_3)
FN:20,(anonymous_4)
FN:26,(anonymous_5)
FN:29,(anonymous_6)
FN:42,(anonymous_7)
FN:48,(anonymous_8)
FN:51,(anonymous_9)
FN:57,(anonymous_10)
FN:60,(anonymous_11)
FN:74,(anonymous_12)
FNF:11
FNH:0
FNDA:0,(anonymous_2)
FNDA:0,(anonymous_3)
FNDA:0,(anonymous_4)
FNDA:0,(anonymous_5)
FNDA:0,(anonymous_6)
FNDA:0,(anonymous_7)
FNDA:0,(anonymous_8)
FNDA:0,(anonymous_9)
FNDA:0,(anonymous_10)
FNDA:0,(anonymous_11)
FNDA:0,(anonymous_12)
DA:3,0
DA:4,0
DA:5,0
DA:6,0
DA:10,0
DA:12,0
DA:16,0
DA:17,0
DA:21,0
DA:22,0
DA:26,0
DA:30,0
DA:31,0
DA:35,0
DA:36,0
DA:39,0
DA:43,0
DA:44,0
DA:48,0
DA:52,0
DA:53,0
DA:57,0
DA:61,0
DA:75,0
DA:76,0
LF:25
LH:0
BRDA:35,0,0,0
BRDA:35,0,1,0
BRDA:75,1,0,0
BRDA:75,1,1,0
BRDA:76,2,0,0
BRDA:76,2,1,0
BRDA:12,3,0,0
BRDA:12,3,1,0
BRDA:12,4,0,0
BRDA:12,4,1,0
BRF:10
BRH:0
end_of_record
TN:
SF:src\coa\doc.controller.ts
FN:33,(anonymous_4)
FN:40,(anonymous_5)
FN:54,(anonymous_6)
FN:66,(anonymous_7)
FN:78,(anonymous_8)
FN:94,(anonymous_9)
FN:109,(anonymous_10)
FN:124,(anonymous_11)
FN:139,(anonymous_12)
FNF:9
FNH:0
FNDA:0,(anonymous_4)
FNDA:0,(anonymous_5)
FNDA:0,(anonymous_6)
FNDA:0,(anonymous_7)
FNDA:0,(anonymous_8)
FNDA:0,(anonymous_9)
FNDA:0,(anonymous_10)
FNDA:0,(anonymous_11)
FNDA:0,(anonymous_12)
DA:2,0
DA:16,0
DA:17,0
DA:18,0
DA:32,0
DA:33,0
DA:40,0
DA:45,0
DA:54,0
DA:58,0
DA:66,0
DA:70,0
DA:78,0
DA:84,0
DA:94,0
DA:99,0
DA:109,0
DA:114,0
DA:124,0
DA:130,0
DA:139,0
DA:143,0
LF:22
LH:0
BRDA:42,0,0,0
BRDA:42,0,1,0
BRDA:42,1,0,0
BRDA:42,1,1,0
BRDA:44,2,0,0
BRDA:44,2,1,0
BRDA:44,3,0,0
BRDA:44,3,1,0
BRDA:56,4,0,0
BRDA:56,4,1,0
BRDA:56,5,0,0
BRDA:56,5,1,0
BRDA:57,6,0,0
BRDA:57,6,1,0
BRDA:57,7,0,0
BRDA:57,7,1,0
BRDA:69,8,0,0
BRDA:69,8,1,0
BRDA:69,9,0,0
BRDA:69,9,1,0
BRDA:81,10,0,0
BRDA:81,10,1,0
BRDA:81,11,0,0
BRDA:81,11,1,0
BRDA:83,12,0,0
BRDA:83,12,1,0
BRDA:83,13,0,0
BRDA:83,13,1,0
BRDA:98,14,0,0
BRDA:98,14,1,0
BRDA:98,15,0,0
BRDA:98,15,1,0
BRDA:113,16,0,0
BRDA:113,16,1,0
BRDA:113,17,0,0
BRDA:113,17,1,0
BRDA:127,18,0,0
BRDA:127,18,1,0
BRDA:127,19,0,0
BRDA:127,19,1,0
BRDA:129,20,0,0
BRDA:129,20,1,0
BRDA:129,21,0,0
BRDA:129,21,1,0
BRDA:142,22,0,0
BRDA:142,22,1,0
BRDA:142,23,0,0
BRDA:142,23,1,0
BRDA:33,24,0,0
BRDA:33,24,1,0
BRDA:33,25,0,0
BRDA:33,25,1,0
BRF:52
BRH:0
end_of_record
TN:
SF:src\coa\doc.service.ts
FN:24,(anonymous_2)
FN:29,(anonymous_3)
FN:37,(anonymous_4)
FN:38,(anonymous_5)
FN:46,(anonymous_6)
FN:73,(anonymous_7)
FN:109,(anonymous_8)
FN:117,(anonymous_9)
FN:118,(anonymous_10)
FN:124,(anonymous_11)
FN:157,(anonymous_12)
FN:197,(anonymous_13)
FN:218,(anonymous_14)
FN:251,(anonymous_15)
FN:257,(anonymous_16)
FN:260,(anonymous_17)
FN:286,(anonymous_18)
FN:301,(anonymous_19)
FN:325,(anonymous_20)
FN:336,(anonymous_21)
FN:343,(anonymous_22)
FN:364,(anonymous_23)
FN:368,(anonymous_24)
FN:389,(anonymous_25)
FNF:24
FNH:24
FNDA:25,(anonymous_2)
FNDA:3,(anonymous_3)
FNDA:6,(anonymous_4)
FNDA:6,(anonymous_5)
FNDA:2,(anonymous_6)
FNDA:4,(anonymous_7)
FNDA:3,(anonymous_8)
FNDA:4,(anonymous_9)
FNDA:4,(anonymous_10)
FNDA:2,(anonymous_11)
FNDA:2,(anonymous_12)
FNDA:2,(anonymous_13)
FNDA:2,(anonymous_14)
FNDA:2,(anonymous_15)
FNDA:2,(anonymous_16)
FNDA:2,(anonymous_17)
FNDA:4,(anonymous_18)
FNDA:2,(anonymous_19)
FNDA:7,(anonymous_20)
FNDA:7,(anonymous_21)
FNDA:4,(anonymous_22)
FNDA:2,(anonymous_23)
FNDA:2,(anonymous_24)
FNDA:2,(anonymous_25)
DA:2,1
DA:9,1
DA:10,1
DA:11,1
DA:12,1
DA:21,1
DA:22,25
DA:24,25
DA:34,3
DA:37,6
DA:38,6
DA:40,3
DA:41,1
DA:46,2
DA:47,2
DA:48,2
DA:51,2
DA:70,2
DA:73,2
DA:74,4
DA:75,4
DA:76,4
DA:77,4
DA:78,4
DA:79,4
DA:80,4
DA:81,4
DA:82,4
DA:83,4
DA:84,4
DA:85,4
DA:86,4
DA:87,4
DA:88,4
DA:89,4
DA:90,4
DA:91,4
DA:92,4
DA:93,4
DA:96,2
DA:98,2
DA:102,2
DA:115,3
DA:117,4
DA:118,4
DA:120,3
DA:121,1
DA:124,2
DA:125,2
DA:126,2
DA:128,2
DA:129,2
DA:130,1
DA:134,1
DA:151,1
DA:154,1
DA:155,1
DA:157,1
DA:158,2
DA:159,2
DA:160,2
DA:161,2
DA:162,2
DA:163,2
DA:164,2
DA:165,2
DA:166,2
DA:167,2
DA:168,2
DA:169,2
DA:170,2
DA:171,2
DA:172,2
DA:173,2
DA:174,2
DA:175,2
DA:176,2
DA:177,2
DA:180,1
DA:183,1
DA:188,1
DA:190,1
DA:198,2
DA:199,2
DA:200,2
DA:202,2
DA:203,2
DA:204,1
DA:207,1
DA:212,1
DA:219,2
DA:220,2
DA:222,2
DA:224,2
DA:225,0
DA:228,2
DA:229,1
DA:232,2
DA:233,1
DA:236,2
DA:237,0
DA:240,2
DA:242,2
DA:243,2
DA:246,2
DA:247,0
DA:250,2
DA:251,2
DA:258,2
DA:260,2
DA:261,2
DA:262,2
DA:264,2
DA:265,2
DA:266,1
DA:269,1
DA:270,1
DA:271,1
DA:272,1
DA:274,1
DA:279,1
DA:287,4
DA:288,3
DA:290,3
DA:295,3
DA:307,2
DA:308,2
DA:310,2
DA:311,2
DA:312,1
DA:315,1
DA:316,1
DA:317,1
DA:319,1
DA:326,7
DA:327,6
DA:329,6
DA:331,6
DA:332,2
DA:335,6
DA:336,7
DA:347,4
DA:364,2
DA:369,2
DA:390,2
LF:145
LH:142
BRDA:37,0,0,3
BRDA:37,0,1,0
BRDA:37,1,0,6
BRDA:37,1,1,3
BRDA:38,2,0,3
BRDA:38,2,1,0
BRDA:38,3,0,6
BRDA:38,3,1,3
BRDA:40,4,0,1
BRDA:40,4,1,2
BRDA:56,5,0,2
BRDA:56,5,1,0
BRDA:61,6,0,2
BRDA:61,6,1,0
BRDA:62,7,0,2
BRDA:62,7,1,2
BRDA:63,8,0,2
BRDA:63,8,1,2
BRDA:73,9,0,2
BRDA:73,9,1,0
BRDA:117,10,0,3
BRDA:117,10,1,0
BRDA:117,11,0,4
BRDA:117,11,1,2
BRDA:118,12,0,3
BRDA:118,12,1,0
BRDA:118,13,0,4
BRDA:118,13,1,2
BRDA:120,14,0,1
BRDA:120,14,1,2
BRDA:129,15,0,1
BRDA:129,15,1,1
BRDA:154,16,0,1
BRDA:154,16,1,0
BRDA:154,17,0,1
BRDA:154,17,1,1
BRDA:203,18,0,1
BRDA:203,18,1,1
BRDA:224,19,0,0
BRDA:224,19,1,2
BRDA:228,20,0,1
BRDA:228,20,1,1
BRDA:232,21,0,1
BRDA:232,21,1,1
BRDA:236,22,0,0
BRDA:236,22,1,2
BRDA:242,23,0,2
BRDA:242,23,1,0
BRDA:246,24,0,0
BRDA:246,24,1,2
BRDA:265,25,0,1
BRDA:265,25,1,1
BRDA:311,26,0,1
BRDA:311,26,1,1
BRDA:331,27,0,2
BRDA:331,27,1,4
BRDA:395,28,0,2
BRDA:395,28,1,2
BRDA:396,29,0,2
BRDA:396,29,1,2
BRDA:397,30,0,2
BRDA:397,30,1,2
BRDA:398,31,0,2
BRDA:398,31,1,2
BRDA:399,32,0,2
BRDA:399,32,1,2
BRDA:402,33,0,2
BRDA:402,33,1,0
BRDA:404,34,0,2
BRDA:404,34,1,2
BRDA:405,35,0,2
BRDA:405,35,1,2
BRDA:406,36,0,2
BRDA:406,36,1,2
BRDA:24,37,0,1
BRDA:24,37,1,0
BRDA:24,38,0,1
BRDA:24,38,1,1
BRF:78
BRH:64
end_of_record
TN:
SF:src\coa\decorators\current-user-id.decorator.ts
FN:17,(anonymous_0)
FNF:1
FNH:0
FNDA:0,(anonymous_0)
DA:1,0
DA:16,0
DA:18,0
DA:20,0
DA:21,0
DA:23,0
DA:24,0
DA:29,0
LF:8
LH:0
BRDA:23,0,0,0
BRDA:23,0,1,0
BRDA:23,1,0,0
BRDA:23,1,1,0
BRDA:23,1,2,0
BRF:5
BRH:0
end_of_record
TN:
SF:src\coa\dto\coa-node.dto.ts
FNF:0
FNH:0
DA:3,0
LF:1
LH:0
BRF:0
BRH:0
end_of_record
TN:
SF:src\coa\dto\doc-desc.dto.ts
FNF:0
FNH:0
DA:2,0
LF:1
LH:0
BRF:0
BRH:0
end_of_record
TN:
SF:src\coa\dto\doc-detail.dto.ts
FNF:0
FNH:0
DA:2,0
DA:4,0
DA:7,0
DA:11,0
DA:15,0
DA:19,0
DA:23,0
DA:27,0
DA:31,0
DA:35,0
DA:39,0
DA:43,0
DA:47,0
DA:51,0
DA:55,0
DA:58,0
LF:16
LH:0
BRF:0
BRH:0
end_of_record
TN:
SF:src\coa\dto\doc-master.dto.ts
FN:76,(anonymous_2)
FN:129,(anonymous_3)
FN:137,(anonymous_4)
FN:145,(anonymous_5)
FN:155,(anonymous_6)
FN:204,(anonymous_7)
FNF:6
FNH:0
FNDA:0,(anonymous_2)
FNDA:0,(anonymous_3)
FNDA:0,(anonymous_4)
FNDA:0,(anonymous_5)
FNDA:0,(anonymous_6)
FNDA:0,(anonymous_7)
DA:1,0
DA:2,0
DA:13,0
DA:14,0
DA:16,0
DA:21,0
DA:27,0
DA:32,0
DA:37,0
DA:42,0
DA:47,0
DA:53,0
DA:58,0
DA:63,0
DA:66,0
DA:69,0
DA:73,0
DA:76,0
DA:78,0
DA:82,0
DA:86,0
DA:90,0
DA:94,0
DA:98,0
DA:102,0
DA:106,0
DA:110,0
DA:114,0
DA:118,0
DA:122,0
DA:126,0
DA:129,0
DA:131,0
DA:137,0
DA:138,0
DA:141,0
DA:145,0
DA:146,0
DA:149,0
DA:152,0
DA:155,0
DA:157,0
DA:161,0
DA:165,0
DA:169,0
DA:173,0
DA:177,0
DA:181,0
DA:185,0
DA:189,0
DA:193,0
DA:198,0
DA:204,0
DA:205,0
DA:207,0
DA:210,0
DA:214,0
LF:57
LH:0
BRDA:78,0,0,0
BRDA:78,0,1,0
BRDA:78,1,0,0
BRDA:78,1,1,0
BRDA:157,2,0,0
BRDA:157,2,1,0
BRDA:157,3,0,0
BRDA:157,3,1,0
BRF:8
BRH:0
end_of_record
TN:
SF:src\database\data-source-manager.service.ts
FN:23,(anonymous_2)
FN:31,(anonymous_3)
FN:55,(anonymous_4)
FN:68,(anonymous_5)
FN:79,(anonymous_6)
FN:82,(anonymous_7)
FN:83,(anonymous_8)
FNF:7
FNH:0
FNDA:0,(anonymous_2)
FNDA:0,(anonymous_3)
FNDA:0,(anonymous_4)
FNDA:0,(anonymous_5)
FNDA:0,(anonymous_6)
FNDA:0,(anonymous_7)
FNDA:0,(anonymous_8)
DA:2,1
DA:7,1
DA:14,1
DA:15,0
DA:18,0
DA:21,0
DA:24,0
DA:32,0
DA:34,0
DA:35,0
DA:36,0
DA:40,0
DA:41,0
DA:42,0
DA:45,0
DA:46,0
DA:48,0
DA:49,0
DA:51,0
DA:56,0
DA:57,0
DA:59,0
DA:60,0
DA:62,0
DA:63,0
DA:69,0
DA:70,0
DA:71,0
DA:72,0
DA:73,0
DA:75,0
DA:80,0
DA:82,0
DA:83,0
DA:85,0
LF:35
LH:3
BRDA:35,0,0,0
BRDA:35,0,1,0
BRDA:41,1,0,0
BRDA:41,1,1,0
BRDA:71,2,0,0
BRDA:71,2,1,0
BRF:6
BRH:0
end_of_record
TN:
SF:src\database\entities\database.module.ts
FN:47,(anonymous_1)
FNF:1
FNH:0
FNDA:0,(anonymous_1)
DA:2,0
DA:3,0
DA:4,0
DA:5,0
DA:6,0
DA:7,0
DA:8,0
DA:9,0
DA:10,0
DA:11,0
DA:12,0
DA:13,0
DA:14,0
DA:15,0
DA:16,0
DA:17,0
DA:18,0
DA:19,0
DA:20,0
DA:22,0
DA:47,0
DA:52,0
LF:22
LH:0
BRF:0
BRH:0
end_of_record
TN:
SF:src\database\entities\financial-year.config.ts
FN:9,assertValidYear
FN:17,buildDatabaseName
FN:21,buildYearDataSourceOptions
FNF:3
FNH:0
FNDA:0,assertValidYear
FNDA:0,buildDatabaseName
FNDA:0,buildYearDataSourceOptions
DA:4,1
DA:7,1
DA:9,1
DA:10,0
DA:11,0
DA:12,0
DA:14,0
DA:17,1
DA:18,0
DA:21,1
DA:25,0
LF:11
LH:5
BRDA:11,0,0,0
BRDA:11,0,1,0
BRDA:27,1,0,0
BRDA:27,1,1,0
BRDA:28,2,0,0
BRDA:28,2,1,0
BRDA:29,3,0,0
BRDA:29,3,1,0
BRF:8
BRH:0
end_of_record
TN:
SF:src\database\entities\index.ts
FNF:0
FNH:0
DA:2,1
DA:3,1
DA:4,1
DA:5,1
DA:6,1
DA:7,1
DA:8,1
DA:9,1
DA:10,1
DA:11,1
DA:12,1
DA:13,1
DA:14,1
DA:15,1
DA:16,1
DA:17,1
DA:18,1
DA:19,1
DA:20,1
DA:22,1
DA:27,1
DA:48,1
DA:54,1
DA:55,1
DA:56,1
DA:57,1
DA:58,1
DA:59,1
DA:60,1
DA:61,1
DA:62,1
DA:63,1
DA:64,1
DA:65,1
DA:66,1
DA:67,1
DA:68,1
DA:69,1
DA:70,1
DA:71,1
DA:72,1
LF:41
LH:41
BRF:0
BRH:0
end_of_record
TN:
SF:src\database\entities\financial\coa-gp.entity.ts
FNF:0
FNH:0
DA:1,1
DA:4,1
DA:5,1
DA:6,1
DA:7,1
DA:8,1
DA:9,1
DA:10,1
DA:11,1
DA:12,1
DA:13,1
DA:14,1
DA:15,1
DA:16,1
DA:17,1
LF:15
LH:15
BRDA:13,0,0,1
BRDA:13,0,1,0
BRDA:13,1,0,1
BRDA:13,1,1,1
BRDA:15,2,0,1
BRDA:15,2,1,0
BRDA:15,3,0,1
BRDA:15,3,1,1
BRDA:17,4,0,1
BRDA:17,4,1,0
BRDA:17,5,0,1
BRDA:17,5,1,1
BRF:12
BRH:9
end_of_record
TN:
SF:src\database\entities\financial\coa.entity.ts
FNF:0
FNH:0
DA:3,1
DA:6,1
DA:8,1
DA:11,1
DA:14,1
DA:17,1
DA:20,1
DA:23,1
DA:26,1
DA:29,1
DA:32,1
DA:35,1
DA:38,1
DA:41,1
DA:44,1
DA:47,1
DA:50,1
DA:53,1
DA:56,1
DA:59,1
LF:20
LH:20
BRDA:47,0,0,1
BRDA:47,0,1,0
BRDA:47,1,0,1
BRDA:47,1,1,1
BRDA:53,2,0,1
BRDA:53,2,1,0
BRDA:53,3,0,1
BRDA:53,3,1,1
BRDA:59,4,0,1
BRDA:59,4,1,0
BRDA:59,5,0,1
BRDA:59,5,1,1
BRF:12
BRH:9
end_of_record
TN:
SF:src\database\entities\financial\doc-desc.entity.ts
FNF:0
FNH:0
DA:2,1
DA:9,1
DA:11,1
DA:15,1
DA:19,1
LF:5
LH:5
BRF:0
BRH:0
end_of_record
TN:
SF:src\database\entities\financial\doc-detail.entity.ts
FN:116,(anonymous_2)
FN:116,(anonymous_3)
FN:122,(anonymous_4)
FN:126,(anonymous_5)
FN:130,(anonymous_6)
FN:134,(anonymous_7)
FNF:6
FNH:0
FNDA:0,(anonymous_2)
FNDA:0,(anonymous_3)
FNDA:0,(anonymous_4)
FNDA:0,(anonymous_5)
FNDA:0,(anonymous_6)
FNDA:0,(anonymous_7)
DA:2,1
DA:12,1
DA:13,1
DA:18,1
DA:20,1
DA:24,1
DA:28,1
DA:32,1
DA:36,1
DA:40,1
DA:44,1
DA:48,1
DA:52,1
DA:56,1
DA:60,1
DA:64,1
DA:68,1
DA:72,1
DA:76,1
DA:80,1
DA:84,1
DA:88,1
DA:92,1
DA:96,1
DA:99,1
DA:103,1
DA:106,1
DA:110,1
DA:113,1
DA:116,0
DA:120,1
DA:122,0
DA:124,1
DA:126,0
DA:128,1
DA:130,0
DA:132,1
DA:134,0
DA:136,1
LF:39
LH:34
BRDA:99,0,0,1
BRDA:99,0,1,0
BRDA:99,1,0,1
BRDA:99,1,1,1
BRDA:120,2,0,1
BRDA:120,2,1,0
BRDA:120,3,0,1
BRDA:120,3,1,1
BRF:8
BRH:6
end_of_record
TN:
SF:src\database\entities\financial\doc-master.entity.ts
FN:98,(anonymous_2)
FN:98,(anonymous_3)
FNF:2
FNH:0
FNDA:0,(anonymous_2)
FNDA:0,(anonymous_3)
DA:2,1
DA:11,1
DA:16,1
DA:18,1
DA:22,1
DA:26,1
DA:30,1
DA:34,1
DA:38,1
DA:42,1
DA:46,1
DA:50,1
DA:54,1
DA:58,1
DA:62,1
DA:66,1
DA:70,1
DA:74,1
DA:78,1
DA:81,1
DA:85,1
DA:88,1
DA:92,1
DA:95,1
DA:98,0
DA:99,1
LF:26
LH:25
BRDA:26,0,0,1
BRDA:26,0,1,0
BRDA:26,1,0,1
BRDA:26,1,1,1
BRDA:81,2,0,1
BRDA:81,2,1,0
BRDA:81,3,0,1
BRDA:81,3,1,1
BRDA:88,4,0,1
BRDA:88,4,1,0
BRDA:88,5,0,1
BRDA:88,5,1,1
BRDA:95,6,0,1
BRDA:95,6,1,0
BRDA:95,7,0,1
BRDA:95,7,1,1
BRF:16
BRH:12
end_of_record
TN:
SF:src\database\entities\financial\show-delete-form.entity.ts
FNF:0
FNH:0
DA:1,1
DA:4,1
DA:6,1
DA:9,1
DA:12,1
DA:15,1
DA:18,1
DA:21,1
DA:24,1
DA:27,1
LF:10
LH:10
BRF:0
BRH:0
end_of_record
TN:
SF:src\database\entities\financial\sms-message.entity.ts
FNF:0
FNH:0
DA:1,1
DA:4,1
DA:6,1
DA:9,1
DA:12,1
DA:15,1
DA:18,1
DA:21,1
DA:24,1
DA:27,1
DA:30,1
DA:33,1
DA:36,1
DA:39,1
DA:42,1
LF:15
LH:15
BRF:0
BRH:0
end_of_record
TN:
SF:src\database\entities\financial\sms.entity.ts
FNF:0
FNH:0
DA:1,1
DA:4,1
DA:6,1
DA:9,1
DA:12,1
DA:15,1
DA:18,1
DA:21,1
DA:24,1
DA:27,1
DA:30,1
DA:33,1
DA:36,1
DA:39,1
LF:14
LH:14
BRF:0
BRH:0
end_of_record
TN:
SF:src\database\entities\financial\tax-gp.entity.ts
FNF:0
FNH:0
DA:1,1
DA:4,1
DA:6,1
DA:9,1
DA:12,1
DA:15,1
DA:18,1
DA:21,1
DA:24,1
DA:27,1
DA:30,1
DA:33,1
LF:12
LH:12
BRDA:27,0,0,1
BRDA:27,0,1,0
BRDA:27,1,0,1
BRDA:27,1,1,1
BRF:4
BRH:3
end_of_record
TN:
SF:src\database\entities\financial\user-access.entity.ts
FNF:0
FNH:0
DA:1,1
DA:4,1
DA:6,1
DA:9,1
DA:12,1
DA:15,1
DA:18,1
DA:21,1
DA:24,1
DA:27,1
DA:30,1
DA:33,1
DA:36,1
LF:13
LH:13
BRF:0
BRH:0
end_of_record
TN:
SF:src\database\entities\financial\user-gp.entity.ts
FNF:0
FNH:0
DA:1,1
DA:4,1
DA:6,1
DA:9,1
DA:12,1
DA:15,1
DA:18,1
DA:21,1
DA:24,1
DA:27,1
DA:30,1
DA:33,1
DA:36,1
LF:13
LH:13
BRF:0
BRH:0
end_of_record
TN:
SF:src\database\entities\financial\user-performance.entity.ts
FNF:0
FNH:0
DA:1,1
DA:4,1
DA:7,1
DA:10,1
DA:13,1
DA:16,1
DA:19,1
DA:22,1
DA:25,1
DA:28,1
DA:31,1
DA:34,1
DA:37,1
LF:13
LH:13
BRF:0
BRH:0
end_of_record
TN:
SF:src\database\entities\financial\user-permission.entity.ts
FNF:0
FNH:0
DA:1,1
DA:4,1
DA:7,1
DA:10,1
DA:13,1
DA:16,1
DA:19,1
LF:7
LH:7
BRF:0
BRH:0
end_of_record
TN:
SF:src\database\entities\financial\user.entity.ts
FNF:0
FNH:0
DA:1,1
DA:4,1
DA:7,1
DA:10,1
DA:13,1
DA:17,1
DA:20,1
DA:23,1
DA:26,1
DA:29,1
DA:32,1
DA:35,1
DA:38,1
DA:41,1
DA:44,1
DA:47,1
DA:49,1
DA:53,1
DA:57,1
DA:61,1
DA:65,1
DA:69,1
DA:73,1
DA:77,1
DA:81,1
DA:85,1
DA:89,1
DA:93,1
DA:97,1
DA:101,1
DA:105,1
DA:109,1
LF:32
LH:32
BRDA:97,0,0,1
BRDA:97,0,1,0
BRDA:97,1,0,1
BRDA:97,1,1,1
BRF:4
BRH:3
end_of_record
TN:
SF:src\database\entities\financial\vat-gp.entity.ts
FNF:0
FNH:0
DA:1,1
DA:4,1
DA:6,1
DA:9,1
DA:12,1
DA:15,1
DA:18,1
DA:21,1
DA:24,1
DA:27,1
DA:30,1
DA:33,1
DA:36,1
DA:39,1
DA:42,1
DA:45,1
LF:16
LH:16
BRDA:33,0,0,1
BRDA:33,0,1,0
BRDA:33,1,0,1
BRDA:33,1,1,1
BRF:4
BRH:3
end_of_record
TN:
SF:src\database\entities\financial\weekly-discount.entity.ts
FNF:0
FNH:0
DA:1,1
DA:4,1
DA:6,1
DA:9,1
DA:12,1
DA:15,1
DA:18,1
DA:21,1
DA:24,1
DA:27,1
DA:30,1
DA:33,1
DA:36,1
DA:39,1
DA:42,1
DA:45,1
DA:48,1
DA:51,1
DA:54,1
DA:57,1
DA:60,1
DA:63,1
LF:22
LH:22
BRDA:57,0,0,1
BRDA:57,0,1,0
BRDA:57,1,0,1
BRDA:57,1,1,1
BRF:4
BRH:3
end_of_record
TN:
SF:src\database\entities\financial\windows-setting.entity.ts
FNF:0
FNH:0
DA:1,1
DA:4,1
DA:6,1
DA:9,1
DA:12,1
DA:15,1
DA:18,1
DA:21,1
DA:24,1
DA:27,1
DA:30,1
DA:33,1
DA:36,1
DA:39,1
LF:14
LH:14
BRF:0
BRH:0
end_of_record
TN:
SF:src\database\entities\global\acct.datasource.ts
FNF:0
FNH:0
DA:2,0
DA:3,0
DA:4,0
DA:6,0
LF:4
LH:0
BRDA:8,0,0,0
BRDA:8,0,1,0
BRDA:9,1,0,0
BRDA:9,1,1,0
BRDA:10,2,0,0
BRDA:10,2,1,0
BRDA:11,3,0,0
BRDA:11,3,1,0
BRF:8
BRH:0
end_of_record
TN:
SF:src\database\entities\global\company.entity.ts
FNF:0
FNH:0
DA:1,1
DA:4,1
DA:6,1
DA:9,1
DA:12,1
DA:15,1
DA:18,1
DA:21,1
DA:24,1
DA:27,1
DA:30,1
DA:33,1
DA:36,1
DA:39,1
DA:42,1
DA:45,1
DA:48,1
DA:51,1
DA:54,1
DA:57,1
DA:60,1
DA:63,1
DA:66,1
DA:69,1
DA:72,1
DA:75,1
DA:78,1
DA:81,1
DA:84,1
DA:87,1
DA:90,1
DA:93,1
DA:96,1
DA:99,1
DA:102,1
DA:105,1
DA:108,1
DA:111,1
DA:114,1
DA:117,1
DA:120,1
DA:123,1
LF:42
LH:42
BRDA:87,0,0,1
BRDA:87,0,1,0
BRDA:87,1,0,1
BRDA:87,1,1,1
BRDA:93,2,0,1
BRDA:93,2,1,0
BRDA:93,3,0,1
BRDA:93,3,1,1
BRDA:99,4,0,1
BRDA:99,4,1,0
BRDA:99,5,0,1
BRDA:99,5,1,1
BRF:12
BRH:9
end_of_record
TN:
SF:src\database\entities\global\year.entity.ts
FNF:0
FNH:0
DA:1,1
DA:4,1
DA:6,1
DA:9,1
DA:12,1
LF:5
LH:5
BRF:0
BRH:0
end_of_record
TN:
SF:src\guards\financial-year.guard.ts
FN:15,(anonymous_4)
FN:20,(anonymous_5)
FNF:2
FNH:0
FNDA:0,(anonymous_4)
FNDA:0,(anonymous_5)
DA:1,0
DA:8,0
DA:9,0
DA:10,0
DA:11,0
DA:14,0
DA:17,0
DA:21,0
DA:22,0
DA:25,0
DA:26,0
DA:28,0
DA:29,0
DA:33,0
DA:37,0
DA:38,0
DA:42,0
DA:43,0
DA:45,0
LF:19
LH:0
BRDA:28,0,0,0
BRDA:28,0,1,0
BRDA:37,1,0,0
BRDA:37,1,1,0
BRDA:17,2,0,0
BRDA:17,2,1,0
BRDA:17,3,0,0
BRDA:17,3,1,0
BRF:8
BRH:0
end_of_record
